[2021-06-04 14:48:45,868] DEBUG preRegister called. Server=com.sun.jmx.mbeanserver.JmxMBeanServer@66d3c617, name=log4j:logger=kafka.controller (kafka.controller)
[2021-06-04 14:50:50,777] DEBUG preRegister called. Server=com.sun.jmx.mbeanserver.JmxMBeanServer@66d3c617, name=log4j:logger=kafka.controller (kafka.controller)
[2021-06-04 14:50:55,214] INFO [ControllerEventThread controllerId=0] Starting (kafka.controller.ControllerEventManager$ControllerEventThread)
[2021-06-04 14:50:55,234] INFO [Controller id=0] 0 successfully elected as the controller. Epoch incremented to 1 and epoch zk version is now 1 (kafka.controller.KafkaController)
[2021-06-04 14:50:55,241] INFO [Controller id=0] Creating FeatureZNode at path: /feature with contents: FeatureZNode(Enabled,Features{}) (kafka.controller.KafkaController)
[2021-06-04 14:50:55,284] INFO [Controller id=0] Registering handlers (kafka.controller.KafkaController)
[2021-06-04 14:50:55,287] INFO [Controller id=0] Deleting log dir event notifications (kafka.controller.KafkaController)
[2021-06-04 14:50:55,298] INFO [Controller id=0] Deleting isr change notifications (kafka.controller.KafkaController)
[2021-06-04 14:50:55,301] INFO [Controller id=0] Initializing controller context (kafka.controller.KafkaController)
[2021-06-04 14:50:55,311] INFO [Controller id=0] Initialized broker epochs cache: HashMap(0 -> 24) (kafka.controller.KafkaController)
[2021-06-04 14:50:55,314] DEBUG [Controller id=0] Register BrokerModifications handler for Set(0) (kafka.controller.KafkaController)
[2021-06-04 14:50:55,318] DEBUG [Channel manager on controller 0]: Controller 0 trying to connect to broker 0 (kafka.controller.ControllerChannelManager)
[2021-06-04 14:50:55,331] INFO [RequestSendThread controllerId=0] Starting (kafka.controller.RequestSendThread)
[2021-06-04 14:50:55,332] INFO [Controller id=0] Currently active brokers in the cluster: Set(0) (kafka.controller.KafkaController)
[2021-06-04 14:50:55,337] INFO [Controller id=0] Currently shutting brokers in the cluster: HashSet() (kafka.controller.KafkaController)
[2021-06-04 14:50:55,339] INFO [Controller id=0] Current list of topics in the cluster: HashSet() (kafka.controller.KafkaController)
[2021-06-04 14:50:55,340] INFO [Controller id=0] Fetching topic deletions in progress (kafka.controller.KafkaController)
[2021-06-04 14:50:55,343] INFO [Controller id=0] List of topics to be deleted:  (kafka.controller.KafkaController)
[2021-06-04 14:50:55,343] INFO [Controller id=0] List of topics ineligible for deletion:  (kafka.controller.KafkaController)
[2021-06-04 14:50:55,343] INFO [Controller id=0] Initializing topic deletion manager (kafka.controller.KafkaController)
[2021-06-04 14:50:55,344] INFO [Topic Deletion Manager 0] Initializing manager with initial deletions: Set(), initial ineligible deletions: HashSet() (kafka.controller.TopicDeletionManager)
[2021-06-04 14:50:55,344] INFO [Controller id=0] Sending update metadata request (kafka.controller.KafkaController)
[2021-06-04 14:50:55,354] INFO [ReplicaStateMachine controllerId=0] Initializing replica state (kafka.controller.ZkReplicaStateMachine)
[2021-06-04 14:50:55,355] INFO [ReplicaStateMachine controllerId=0] Triggering online replica state changes (kafka.controller.ZkReplicaStateMachine)
[2021-06-04 14:50:55,359] INFO [ReplicaStateMachine controllerId=0] Triggering offline replica state changes (kafka.controller.ZkReplicaStateMachine)
[2021-06-04 14:50:55,359] DEBUG [ReplicaStateMachine controllerId=0] Started replica state machine with initial state -> HashMap() (kafka.controller.ZkReplicaStateMachine)
[2021-06-04 14:50:55,359] INFO [PartitionStateMachine controllerId=0] Initializing partition state (kafka.controller.ZkPartitionStateMachine)
[2021-06-04 14:50:55,360] INFO [PartitionStateMachine controllerId=0] Triggering online partition state changes (kafka.controller.ZkPartitionStateMachine)
[2021-06-04 14:50:55,362] INFO [RequestSendThread controllerId=0] Controller 0 connected to 192.168.99.1:9092 (id: 0 rack: null) for sending state change requests (kafka.controller.RequestSendThread)
[2021-06-04 14:50:55,363] DEBUG [PartitionStateMachine controllerId=0] Started partition state machine with initial state -> HashMap() (kafka.controller.ZkPartitionStateMachine)
[2021-06-04 14:50:55,363] INFO [Controller id=0] Ready to serve as the new controller with epoch 1 (kafka.controller.KafkaController)
[2021-06-04 14:50:55,368] INFO [Controller id=0] Partitions undergoing preferred replica election:  (kafka.controller.KafkaController)
[2021-06-04 14:50:55,368] INFO [Controller id=0] Partitions that completed preferred replica election:  (kafka.controller.KafkaController)
[2021-06-04 14:50:55,368] INFO [Controller id=0] Skipping preferred replica election for partitions due to topic deletion:  (kafka.controller.KafkaController)
[2021-06-04 14:50:55,369] INFO [Controller id=0] Resuming preferred replica election for partitions:  (kafka.controller.KafkaController)
[2021-06-04 14:50:55,370] INFO [Controller id=0] Starting replica leader election (PREFERRED) for partitions  triggered by ZkTriggered (kafka.controller.KafkaController)
[2021-06-04 14:50:55,380] INFO [Controller id=0] Starting the controller scheduler (kafka.controller.KafkaController)
[2021-06-04 14:50:55,457] INFO [Controller id=0] New topics: [Set(NewsRequests)], deleted topics: [HashSet()], new partition replica assignment [Map(NewsRequests-0 -> ReplicaAssignment(replicas=0, addingReplicas=, removingReplicas=))] (kafka.controller.KafkaController)
[2021-06-04 14:50:55,457] INFO [Controller id=0] New partition creation callback for NewsRequests-0 (kafka.controller.KafkaController)
[2021-06-04 14:50:55,493] INFO [Controller id=0] New topics: [Set(__consumer_offsets)], deleted topics: [HashSet()], new partition replica assignment [HashMap(__consumer_offsets-22 -> ReplicaAssignment(replicas=0, addingReplicas=, removingReplicas=), __consumer_offsets-30 -> ReplicaAssignment(replicas=0, addingReplicas=, removingReplicas=), __consumer_offsets-25 -> ReplicaAssignment(replicas=0, addingReplicas=, removingReplicas=), __consumer_offsets-35 -> ReplicaAssignment(replicas=0, addingReplicas=, removingReplicas=), __consumer_offsets-37 -> ReplicaAssignment(replicas=0, addingReplicas=, removingReplicas=), __consumer_offsets-38 -> ReplicaAssignment(replicas=0, addingReplicas=, removingReplicas=), __consumer_offsets-13 -> ReplicaAssignment(replicas=0, addingReplicas=, removingReplicas=), __consumer_offsets-8 -> ReplicaAssignment(replicas=0, addingReplicas=, removingReplicas=), __consumer_offsets-21 -> ReplicaAssignment(replicas=0, addingReplicas=, removingReplicas=), __consumer_offsets-4 -> ReplicaAssignment(replicas=0, addingReplicas=, removingReplicas=), __consumer_offsets-27 -> ReplicaAssignment(replicas=0, addingReplicas=, removingReplicas=), __consumer_offsets-7 -> ReplicaAssignment(replicas=0, addingReplicas=, removingReplicas=), __consumer_offsets-9 -> ReplicaAssignment(replicas=0, addingReplicas=, removingReplicas=), __consumer_offsets-46 -> ReplicaAssignment(replicas=0, addingReplicas=, removingReplicas=), __consumer_offsets-41 -> ReplicaAssignment(replicas=0, addingReplicas=, removingReplicas=), __consumer_offsets-33 -> ReplicaAssignment(replicas=0, addingReplicas=, removingReplicas=), __consumer_offsets-23 -> ReplicaAssignment(replicas=0, addingReplicas=, removingReplicas=), __consumer_offsets-49 -> ReplicaAssignment(replicas=0, addingReplicas=, removingReplicas=), __consumer_offsets-47 -> ReplicaAssignment(replicas=0, addingReplicas=, removingReplicas=), __consumer_offsets-16 -> ReplicaAssignment(replicas=0, addingReplicas=, removingReplicas=), __consumer_offsets-28 -> ReplicaAssignment(replicas=0, addingReplicas=, removingReplicas=), __consumer_offsets-31 -> ReplicaAssignment(replicas=0, addingReplicas=, removingReplicas=), __consumer_offsets-36 -> ReplicaAssignment(replicas=0, addingReplicas=, removingReplicas=), __consumer_offsets-42 -> ReplicaAssignment(replicas=0, addingReplicas=, removingReplicas=), __consumer_offsets-3 -> ReplicaAssignment(replicas=0, addingReplicas=, removingReplicas=), __consumer_offsets-18 -> ReplicaAssignment(replicas=0, addingReplicas=, removingReplicas=), __consumer_offsets-15 -> ReplicaAssignment(replicas=0, addingReplicas=, removingReplicas=), __consumer_offsets-24 -> ReplicaAssignment(replicas=0, addingReplicas=, removingReplicas=), __consumer_offsets-17 -> ReplicaAssignment(replicas=0, addingReplicas=, removingReplicas=), __consumer_offsets-48 -> ReplicaAssignment(replicas=0, addingReplicas=, removingReplicas=), __consumer_offsets-19 -> ReplicaAssignment(replicas=0, addingReplicas=, removingReplicas=), __consumer_offsets-11 -> ReplicaAssignment(replicas=0, addingReplicas=, removingReplicas=), __consumer_offsets-2 -> ReplicaAssignment(replicas=0, addingReplicas=, removingReplicas=), __consumer_offsets-43 -> ReplicaAssignment(replicas=0, addingReplicas=, removingReplicas=), __consumer_offsets-6 -> ReplicaAssignment(replicas=0, addingReplicas=, removingReplicas=), __consumer_offsets-14 -> ReplicaAssignment(replicas=0, addingReplicas=, removingReplicas=), __consumer_offsets-20 -> ReplicaAssignment(replicas=0, addingReplicas=, removingReplicas=), __consumer_offsets-0 -> ReplicaAssignment(replicas=0, addingReplicas=, removingReplicas=), __consumer_offsets-44 -> ReplicaAssignment(replicas=0, addingReplicas=, removingReplicas=), __consumer_offsets-39 -> ReplicaAssignment(replicas=0, addingReplicas=, removingReplicas=), __consumer_offsets-12 -> ReplicaAssignment(replicas=0, addingReplicas=, removingReplicas=), __consumer_offsets-45 -> ReplicaAssignment(replicas=0, addingReplicas=, removingReplicas=), __consumer_offsets-1 -> ReplicaAssignment(replicas=0, addingReplicas=, removingReplicas=), __consumer_offsets-5 -> ReplicaAssignment(replicas=0, addingReplicas=, removingReplicas=), __consumer_offsets-26 -> ReplicaAssignment(replicas=0, addingReplicas=, removingReplicas=), __consumer_offsets-29 -> ReplicaAssignment(replicas=0, addingReplicas=, removingReplicas=), __consumer_offsets-34 -> ReplicaAssignment(replicas=0, addingReplicas=, removingReplicas=), __consumer_offsets-10 -> ReplicaAssignment(replicas=0, addingReplicas=, removingReplicas=), __consumer_offsets-32 -> ReplicaAssignment(replicas=0, addingReplicas=, removingReplicas=), __consumer_offsets-40 -> ReplicaAssignment(replicas=0, addingReplicas=, removingReplicas=))] (kafka.controller.KafkaController)
[2021-06-04 14:50:55,493] INFO [Controller id=0] New partition creation callback for __consumer_offsets-22,__consumer_offsets-30,__consumer_offsets-25,__consumer_offsets-35,__consumer_offsets-37,__consumer_offsets-38,__consumer_offsets-13,__consumer_offsets-8,__consumer_offsets-21,__consumer_offsets-4,__consumer_offsets-27,__consumer_offsets-7,__consumer_offsets-9,__consumer_offsets-46,__consumer_offsets-41,__consumer_offsets-33,__consumer_offsets-23,__consumer_offsets-49,__consumer_offsets-47,__consumer_offsets-16,__consumer_offsets-28,__consumer_offsets-31,__consumer_offsets-36,__consumer_offsets-42,__consumer_offsets-3,__consumer_offsets-18,__consumer_offsets-15,__consumer_offsets-24,__consumer_offsets-17,__consumer_offsets-48,__consumer_offsets-19,__consumer_offsets-11,__consumer_offsets-2,__consumer_offsets-43,__consumer_offsets-6,__consumer_offsets-14,__consumer_offsets-20,__consumer_offsets-0,__consumer_offsets-44,__consumer_offsets-39,__consumer_offsets-12,__consumer_offsets-45,__consumer_offsets-1,__consumer_offsets-5,__consumer_offsets-26,__consumer_offsets-29,__consumer_offsets-34,__consumer_offsets-10,__consumer_offsets-32,__consumer_offsets-40 (kafka.controller.KafkaController)
[2021-06-04 14:51:00,393] INFO [Controller id=0] Processing automatic preferred replica leader election (kafka.controller.KafkaController)
[2021-06-04 14:51:00,394] TRACE [Controller id=0] Checking need to trigger auto leader balancing (kafka.controller.KafkaController)
[2021-06-04 14:51:00,407] DEBUG [Controller id=0] Topics not in preferred replica for broker 0 HashMap() (kafka.controller.KafkaController)
[2021-06-04 14:51:00,409] TRACE [Controller id=0] Leader imbalance ratio for broker 0 is 0.0 (kafka.controller.KafkaController)
[2021-06-04 14:56:00,418] INFO [Controller id=0] Processing automatic preferred replica leader election (kafka.controller.KafkaController)
[2021-06-04 14:56:00,418] TRACE [Controller id=0] Checking need to trigger auto leader balancing (kafka.controller.KafkaController)
[2021-06-04 14:56:00,420] DEBUG [Controller id=0] Topics not in preferred replica for broker 0 HashMap() (kafka.controller.KafkaController)
[2021-06-04 14:56:00,420] TRACE [Controller id=0] Leader imbalance ratio for broker 0 is 0.0 (kafka.controller.KafkaController)
[2021-06-04 15:01:00,421] INFO [Controller id=0] Processing automatic preferred replica leader election (kafka.controller.KafkaController)
[2021-06-04 15:01:00,422] TRACE [Controller id=0] Checking need to trigger auto leader balancing (kafka.controller.KafkaController)
[2021-06-04 15:01:00,423] DEBUG [Controller id=0] Topics not in preferred replica for broker 0 HashMap() (kafka.controller.KafkaController)
[2021-06-04 15:01:00,423] TRACE [Controller id=0] Leader imbalance ratio for broker 0 is 0.0 (kafka.controller.KafkaController)
[2021-06-04 15:04:44,677] INFO [Controller id=0] New topics: [Set(f283e519001591390eb84b0ccb338d2e8d0e9dde)], deleted topics: [HashSet()], new partition replica assignment [Map(f283e519001591390eb84b0ccb338d2e8d0e9dde-0 -> ReplicaAssignment(replicas=0, addingReplicas=, removingReplicas=))] (kafka.controller.KafkaController)
[2021-06-04 15:04:44,677] INFO [Controller id=0] New partition creation callback for f283e519001591390eb84b0ccb338d2e8d0e9dde-0 (kafka.controller.KafkaController)
[2021-06-04 15:04:44,692] INFO [RequestSendThread controllerId=0] Controller 0 connected to 192.168.99.1:9092 (id: 0 rack: null) for sending state change requests (kafka.controller.RequestSendThread)
[2021-06-04 15:04:45,396] INFO [Controller id=0] New topics: [Set(e7d634ee09bd2960ac5d98ee8eb054cde4642e3f)], deleted topics: [HashSet()], new partition replica assignment [Map(e7d634ee09bd2960ac5d98ee8eb054cde4642e3f-0 -> ReplicaAssignment(replicas=0, addingReplicas=, removingReplicas=))] (kafka.controller.KafkaController)
[2021-06-04 15:04:45,396] INFO [Controller id=0] New partition creation callback for e7d634ee09bd2960ac5d98ee8eb054cde4642e3f-0 (kafka.controller.KafkaController)
[2021-06-04 15:04:45,993] INFO [Controller id=0] New topics: [HashSet(ca032ec1b4f27be4cd0296c0acbe74ff1347c34c)], deleted topics: [HashSet()], new partition replica assignment [Map(ca032ec1b4f27be4cd0296c0acbe74ff1347c34c-0 -> ReplicaAssignment(replicas=0, addingReplicas=, removingReplicas=))] (kafka.controller.KafkaController)
[2021-06-04 15:04:45,993] INFO [Controller id=0] New partition creation callback for ca032ec1b4f27be4cd0296c0acbe74ff1347c34c-0 (kafka.controller.KafkaController)
[2021-06-04 15:04:46,589] INFO [Controller id=0] New topics: [HashSet(0cb0a72a4398d776169ba35ee3b461ad449f3222)], deleted topics: [HashSet()], new partition replica assignment [Map(0cb0a72a4398d776169ba35ee3b461ad449f3222-0 -> ReplicaAssignment(replicas=0, addingReplicas=, removingReplicas=))] (kafka.controller.KafkaController)
[2021-06-04 15:04:46,589] INFO [Controller id=0] New partition creation callback for 0cb0a72a4398d776169ba35ee3b461ad449f3222-0 (kafka.controller.KafkaController)
[2021-06-04 15:04:46,835] INFO [Controller id=0] New topics: [HashSet(c807fb043bfb04a1cb57f437551fe055201094eb)], deleted topics: [HashSet()], new partition replica assignment [Map(c807fb043bfb04a1cb57f437551fe055201094eb-0 -> ReplicaAssignment(replicas=0, addingReplicas=, removingReplicas=))] (kafka.controller.KafkaController)
[2021-06-04 15:04:46,835] INFO [Controller id=0] New partition creation callback for c807fb043bfb04a1cb57f437551fe055201094eb-0 (kafka.controller.KafkaController)
[2021-06-04 15:04:47,400] INFO [Controller id=0] New topics: [HashSet(3fc52e3e23363172a4d58003dd6c161916a0774a)], deleted topics: [HashSet()], new partition replica assignment [Map(3fc52e3e23363172a4d58003dd6c161916a0774a-0 -> ReplicaAssignment(replicas=0, addingReplicas=, removingReplicas=))] (kafka.controller.KafkaController)
[2021-06-04 15:04:47,400] INFO [Controller id=0] New partition creation callback for 3fc52e3e23363172a4d58003dd6c161916a0774a-0 (kafka.controller.KafkaController)
[2021-06-04 15:04:47,939] INFO [Controller id=0] New topics: [HashSet(8324051f8d0ffecb6da87c152e308290b75ebec9)], deleted topics: [HashSet()], new partition replica assignment [Map(8324051f8d0ffecb6da87c152e308290b75ebec9-0 -> ReplicaAssignment(replicas=0, addingReplicas=, removingReplicas=))] (kafka.controller.KafkaController)
[2021-06-04 15:04:47,939] INFO [Controller id=0] New partition creation callback for 8324051f8d0ffecb6da87c152e308290b75ebec9-0 (kafka.controller.KafkaController)
[2021-06-04 15:06:00,431] INFO [Controller id=0] Processing automatic preferred replica leader election (kafka.controller.KafkaController)
[2021-06-04 15:06:00,431] TRACE [Controller id=0] Checking need to trigger auto leader balancing (kafka.controller.KafkaController)
[2021-06-04 15:06:00,432] DEBUG [Controller id=0] Topics not in preferred replica for broker 0 HashMap() (kafka.controller.KafkaController)
[2021-06-04 15:06:00,432] TRACE [Controller id=0] Leader imbalance ratio for broker 0 is 0.0 (kafka.controller.KafkaController)
[2021-06-04 15:11:00,435] INFO [Controller id=0] Processing automatic preferred replica leader election (kafka.controller.KafkaController)
[2021-06-04 15:11:00,435] TRACE [Controller id=0] Checking need to trigger auto leader balancing (kafka.controller.KafkaController)
[2021-06-04 15:11:00,436] DEBUG [Controller id=0] Topics not in preferred replica for broker 0 HashMap() (kafka.controller.KafkaController)
[2021-06-04 15:11:00,436] TRACE [Controller id=0] Leader imbalance ratio for broker 0 is 0.0 (kafka.controller.KafkaController)
[2021-06-04 15:16:00,437] INFO [Controller id=0] Processing automatic preferred replica leader election (kafka.controller.KafkaController)
[2021-06-04 15:16:00,437] TRACE [Controller id=0] Checking need to trigger auto leader balancing (kafka.controller.KafkaController)
[2021-06-04 15:16:00,438] DEBUG [Controller id=0] Topics not in preferred replica for broker 0 HashMap() (kafka.controller.KafkaController)
[2021-06-04 15:16:00,438] TRACE [Controller id=0] Leader imbalance ratio for broker 0 is 0.0 (kafka.controller.KafkaController)
[2021-06-04 15:19:04,832] INFO [Controller id=0] New topics: [HashSet(4b607010303c508504e3a070607c5731bfdc7780)], deleted topics: [HashSet()], new partition replica assignment [Map(4b607010303c508504e3a070607c5731bfdc7780-0 -> ReplicaAssignment(replicas=0, addingReplicas=, removingReplicas=))] (kafka.controller.KafkaController)
[2021-06-04 15:19:04,832] INFO [Controller id=0] New partition creation callback for 4b607010303c508504e3a070607c5731bfdc7780-0 (kafka.controller.KafkaController)
[2021-06-04 15:19:04,842] INFO [RequestSendThread controllerId=0] Controller 0 connected to 192.168.99.1:9092 (id: 0 rack: null) for sending state change requests (kafka.controller.RequestSendThread)
[2021-06-04 15:19:10,653] INFO [Controller id=0] New topics: [HashSet(d07d28ab2867062205ed16b944404eb9ce7e02aa)], deleted topics: [HashSet()], new partition replica assignment [Map(d07d28ab2867062205ed16b944404eb9ce7e02aa-0 -> ReplicaAssignment(replicas=0, addingReplicas=, removingReplicas=))] (kafka.controller.KafkaController)
[2021-06-04 15:19:10,654] INFO [Controller id=0] New partition creation callback for d07d28ab2867062205ed16b944404eb9ce7e02aa-0 (kafka.controller.KafkaController)
[2021-06-04 15:19:14,973] INFO [Controller id=0] New topics: [HashSet(8de76adb5d85eb6ac1b18f5c50fbf4099f7cd430)], deleted topics: [HashSet()], new partition replica assignment [Map(8de76adb5d85eb6ac1b18f5c50fbf4099f7cd430-0 -> ReplicaAssignment(replicas=0, addingReplicas=, removingReplicas=))] (kafka.controller.KafkaController)
[2021-06-04 15:19:14,973] INFO [Controller id=0] New partition creation callback for 8de76adb5d85eb6ac1b18f5c50fbf4099f7cd430-0 (kafka.controller.KafkaController)
[2021-06-04 15:19:18,785] INFO [Controller id=0] New topics: [HashSet(a7ba0cecc3490f8b922e09ee05421829bdc94065)], deleted topics: [HashSet()], new partition replica assignment [Map(a7ba0cecc3490f8b922e09ee05421829bdc94065-0 -> ReplicaAssignment(replicas=0, addingReplicas=, removingReplicas=))] (kafka.controller.KafkaController)
[2021-06-04 15:19:18,785] INFO [Controller id=0] New partition creation callback for a7ba0cecc3490f8b922e09ee05421829bdc94065-0 (kafka.controller.KafkaController)
[2021-06-04 15:19:22,086] INFO [Controller id=0] New topics: [HashSet(b77e2ecfe08ecd70447f9d60e4af855b03a5d0b4)], deleted topics: [HashSet()], new partition replica assignment [Map(b77e2ecfe08ecd70447f9d60e4af855b03a5d0b4-0 -> ReplicaAssignment(replicas=0, addingReplicas=, removingReplicas=))] (kafka.controller.KafkaController)
[2021-06-04 15:19:22,086] INFO [Controller id=0] New partition creation callback for b77e2ecfe08ecd70447f9d60e4af855b03a5d0b4-0 (kafka.controller.KafkaController)
[2021-06-04 15:19:25,360] INFO [Controller id=0] New topics: [HashSet(b26781f70eb4d53f39ab9e83e26e01c79a817839)], deleted topics: [HashSet()], new partition replica assignment [Map(b26781f70eb4d53f39ab9e83e26e01c79a817839-0 -> ReplicaAssignment(replicas=0, addingReplicas=, removingReplicas=))] (kafka.controller.KafkaController)
[2021-06-04 15:19:25,360] INFO [Controller id=0] New partition creation callback for b26781f70eb4d53f39ab9e83e26e01c79a817839-0 (kafka.controller.KafkaController)
[2021-06-04 15:19:29,117] INFO [Controller id=0] New topics: [HashSet(0e561fd8355ee55fdfaa562d3c29d79cb6fb4193)], deleted topics: [HashSet()], new partition replica assignment [Map(0e561fd8355ee55fdfaa562d3c29d79cb6fb4193-0 -> ReplicaAssignment(replicas=0, addingReplicas=, removingReplicas=))] (kafka.controller.KafkaController)
[2021-06-04 15:19:29,117] INFO [Controller id=0] New partition creation callback for 0e561fd8355ee55fdfaa562d3c29d79cb6fb4193-0 (kafka.controller.KafkaController)
[2021-06-04 15:20:30,472] INFO [Controller id=0] New topics: [HashSet(78fb553892ae8b6eb8e60a5179b7546812b5057a)], deleted topics: [HashSet()], new partition replica assignment [Map(78fb553892ae8b6eb8e60a5179b7546812b5057a-0 -> ReplicaAssignment(replicas=0, addingReplicas=, removingReplicas=))] (kafka.controller.KafkaController)
[2021-06-04 15:20:30,472] INFO [Controller id=0] New partition creation callback for 78fb553892ae8b6eb8e60a5179b7546812b5057a-0 (kafka.controller.KafkaController)
[2021-06-04 15:20:34,193] INFO [Controller id=0] New topics: [HashSet(c14d9b5a4641dd4e6bb42b1e819227e3f3c6330f)], deleted topics: [HashSet()], new partition replica assignment [Map(c14d9b5a4641dd4e6bb42b1e819227e3f3c6330f-0 -> ReplicaAssignment(replicas=0, addingReplicas=, removingReplicas=))] (kafka.controller.KafkaController)
[2021-06-04 15:20:34,193] INFO [Controller id=0] New partition creation callback for c14d9b5a4641dd4e6bb42b1e819227e3f3c6330f-0 (kafka.controller.KafkaController)
[2021-06-04 15:20:37,539] INFO [Controller id=0] New topics: [HashSet(ea33db724c10dd8f36b35d956384a84d34102a04)], deleted topics: [HashSet()], new partition replica assignment [Map(ea33db724c10dd8f36b35d956384a84d34102a04-0 -> ReplicaAssignment(replicas=0, addingReplicas=, removingReplicas=))] (kafka.controller.KafkaController)
[2021-06-04 15:20:37,539] INFO [Controller id=0] New partition creation callback for ea33db724c10dd8f36b35d956384a84d34102a04-0 (kafka.controller.KafkaController)
[2021-06-04 15:20:41,396] INFO [Controller id=0] New topics: [HashSet(25cc62bdd13b8afc0bb147866e37d690b9451864)], deleted topics: [HashSet()], new partition replica assignment [Map(25cc62bdd13b8afc0bb147866e37d690b9451864-0 -> ReplicaAssignment(replicas=0, addingReplicas=, removingReplicas=))] (kafka.controller.KafkaController)
[2021-06-04 15:20:41,396] INFO [Controller id=0] New partition creation callback for 25cc62bdd13b8afc0bb147866e37d690b9451864-0 (kafka.controller.KafkaController)
[2021-06-04 15:20:44,744] INFO [Controller id=0] New topics: [HashSet(c151442f07b37fdfd4c13ecbd752337ca0aeb5a5)], deleted topics: [HashSet()], new partition replica assignment [Map(c151442f07b37fdfd4c13ecbd752337ca0aeb5a5-0 -> ReplicaAssignment(replicas=0, addingReplicas=, removingReplicas=))] (kafka.controller.KafkaController)
[2021-06-04 15:20:44,744] INFO [Controller id=0] New partition creation callback for c151442f07b37fdfd4c13ecbd752337ca0aeb5a5-0 (kafka.controller.KafkaController)
[2021-06-04 15:20:48,404] INFO [Controller id=0] New topics: [HashSet(54e321c1e8e83be2fe1e52176a17f46eae6261b5)], deleted topics: [HashSet()], new partition replica assignment [Map(54e321c1e8e83be2fe1e52176a17f46eae6261b5-0 -> ReplicaAssignment(replicas=0, addingReplicas=, removingReplicas=))] (kafka.controller.KafkaController)
[2021-06-04 15:20:48,405] INFO [Controller id=0] New partition creation callback for 54e321c1e8e83be2fe1e52176a17f46eae6261b5-0 (kafka.controller.KafkaController)
[2021-06-04 15:21:00,445] INFO [Controller id=0] Processing automatic preferred replica leader election (kafka.controller.KafkaController)
[2021-06-04 15:21:00,445] TRACE [Controller id=0] Checking need to trigger auto leader balancing (kafka.controller.KafkaController)
[2021-06-04 15:21:00,448] DEBUG [Controller id=0] Topics not in preferred replica for broker 0 HashMap() (kafka.controller.KafkaController)
[2021-06-04 15:21:00,449] TRACE [Controller id=0] Leader imbalance ratio for broker 0 is 0.0 (kafka.controller.KafkaController)
[2021-06-04 15:26:00,463] INFO [Controller id=0] Processing automatic preferred replica leader election (kafka.controller.KafkaController)
[2021-06-04 15:26:00,463] TRACE [Controller id=0] Checking need to trigger auto leader balancing (kafka.controller.KafkaController)
[2021-06-04 15:26:00,464] DEBUG [Controller id=0] Topics not in preferred replica for broker 0 HashMap() (kafka.controller.KafkaController)
[2021-06-04 15:26:00,464] TRACE [Controller id=0] Leader imbalance ratio for broker 0 is 0.0 (kafka.controller.KafkaController)
[2021-06-04 15:31:00,477] INFO [Controller id=0] Processing automatic preferred replica leader election (kafka.controller.KafkaController)
[2021-06-04 15:31:00,477] TRACE [Controller id=0] Checking need to trigger auto leader balancing (kafka.controller.KafkaController)
[2021-06-04 15:31:00,479] DEBUG [Controller id=0] Topics not in preferred replica for broker 0 HashMap() (kafka.controller.KafkaController)
[2021-06-04 15:31:00,479] TRACE [Controller id=0] Leader imbalance ratio for broker 0 is 0.0 (kafka.controller.KafkaController)
[2021-06-04 15:36:00,492] INFO [Controller id=0] Processing automatic preferred replica leader election (kafka.controller.KafkaController)
[2021-06-04 15:36:00,492] TRACE [Controller id=0] Checking need to trigger auto leader balancing (kafka.controller.KafkaController)
[2021-06-04 15:36:00,493] DEBUG [Controller id=0] Topics not in preferred replica for broker 0 HashMap() (kafka.controller.KafkaController)
[2021-06-04 15:36:00,493] TRACE [Controller id=0] Leader imbalance ratio for broker 0 is 0.0 (kafka.controller.KafkaController)
[2021-06-04 15:40:45,427] INFO [Controller id=0] New topics: [HashSet(f5bdaea6aac5ddb5632f80f18adeafb72cecb7a4)], deleted topics: [HashSet()], new partition replica assignment [Map(f5bdaea6aac5ddb5632f80f18adeafb72cecb7a4-0 -> ReplicaAssignment(replicas=0, addingReplicas=, removingReplicas=))] (kafka.controller.KafkaController)
[2021-06-04 15:40:45,427] INFO [Controller id=0] New partition creation callback for f5bdaea6aac5ddb5632f80f18adeafb72cecb7a4-0 (kafka.controller.KafkaController)
[2021-06-04 15:40:45,437] INFO [RequestSendThread controllerId=0] Controller 0 connected to 192.168.99.1:9092 (id: 0 rack: null) for sending state change requests (kafka.controller.RequestSendThread)
[2021-06-04 15:41:00,508] INFO [Controller id=0] Processing automatic preferred replica leader election (kafka.controller.KafkaController)
[2021-06-04 15:41:00,508] TRACE [Controller id=0] Checking need to trigger auto leader balancing (kafka.controller.KafkaController)
[2021-06-04 15:41:00,509] DEBUG [Controller id=0] Topics not in preferred replica for broker 0 HashMap() (kafka.controller.KafkaController)
[2021-06-04 15:41:00,509] TRACE [Controller id=0] Leader imbalance ratio for broker 0 is 0.0 (kafka.controller.KafkaController)
[2021-06-04 15:43:58,857] INFO [Controller id=0] New topics: [HashSet(73adb65fba27abb22500cce2c255b8765133704c)], deleted topics: [HashSet()], new partition replica assignment [Map(73adb65fba27abb22500cce2c255b8765133704c-0 -> ReplicaAssignment(replicas=0, addingReplicas=, removingReplicas=))] (kafka.controller.KafkaController)
[2021-06-04 15:43:58,857] INFO [Controller id=0] New partition creation callback for 73adb65fba27abb22500cce2c255b8765133704c-0 (kafka.controller.KafkaController)
[2021-06-04 15:44:21,627] INFO [Controller id=0] New topics: [HashSet(f56c49805336497b69281fc6674d75b93805d566)], deleted topics: [HashSet()], new partition replica assignment [Map(f56c49805336497b69281fc6674d75b93805d566-0 -> ReplicaAssignment(replicas=0, addingReplicas=, removingReplicas=))] (kafka.controller.KafkaController)
[2021-06-04 15:44:21,627] INFO [Controller id=0] New partition creation callback for f56c49805336497b69281fc6674d75b93805d566-0 (kafka.controller.KafkaController)
[2021-06-04 15:44:25,331] INFO [Controller id=0] New topics: [HashSet(c3fbd13c104e699f988b544346d970bcf61baa8f)], deleted topics: [HashSet()], new partition replica assignment [Map(c3fbd13c104e699f988b544346d970bcf61baa8f-0 -> ReplicaAssignment(replicas=0, addingReplicas=, removingReplicas=))] (kafka.controller.KafkaController)
[2021-06-04 15:44:25,331] INFO [Controller id=0] New partition creation callback for c3fbd13c104e699f988b544346d970bcf61baa8f-0 (kafka.controller.KafkaController)
[2021-06-04 15:44:29,238] INFO [Controller id=0] New topics: [HashSet(60e666944179a1aae388dc27f3df945a3476b8fd)], deleted topics: [HashSet()], new partition replica assignment [Map(60e666944179a1aae388dc27f3df945a3476b8fd-0 -> ReplicaAssignment(replicas=0, addingReplicas=, removingReplicas=))] (kafka.controller.KafkaController)
[2021-06-04 15:44:29,238] INFO [Controller id=0] New partition creation callback for 60e666944179a1aae388dc27f3df945a3476b8fd-0 (kafka.controller.KafkaController)
[2021-06-04 15:44:32,973] INFO [Controller id=0] New topics: [HashSet(8edd0dbd2ab874c55ad17dade2802b82cf66556d)], deleted topics: [HashSet()], new partition replica assignment [Map(8edd0dbd2ab874c55ad17dade2802b82cf66556d-0 -> ReplicaAssignment(replicas=0, addingReplicas=, removingReplicas=))] (kafka.controller.KafkaController)
[2021-06-04 15:44:32,973] INFO [Controller id=0] New partition creation callback for 8edd0dbd2ab874c55ad17dade2802b82cf66556d-0 (kafka.controller.KafkaController)
[2021-06-04 15:44:36,309] INFO [Controller id=0] New topics: [HashSet(161379f8ba085e2e94aa8bf916b08ff0cfb19c2e)], deleted topics: [HashSet()], new partition replica assignment [Map(161379f8ba085e2e94aa8bf916b08ff0cfb19c2e-0 -> ReplicaAssignment(replicas=0, addingReplicas=, removingReplicas=))] (kafka.controller.KafkaController)
[2021-06-04 15:44:36,310] INFO [Controller id=0] New partition creation callback for 161379f8ba085e2e94aa8bf916b08ff0cfb19c2e-0 (kafka.controller.KafkaController)
[2021-06-04 15:44:39,626] INFO [Controller id=0] New topics: [HashSet(a87d506defaf76549b25d09783cae39530b21ee2)], deleted topics: [HashSet()], new partition replica assignment [Map(a87d506defaf76549b25d09783cae39530b21ee2-0 -> ReplicaAssignment(replicas=0, addingReplicas=, removingReplicas=))] (kafka.controller.KafkaController)
[2021-06-04 15:44:39,627] INFO [Controller id=0] New partition creation callback for a87d506defaf76549b25d09783cae39530b21ee2-0 (kafka.controller.KafkaController)
[2021-06-04 15:45:31,237] INFO [Controller id=0] New topics: [HashSet(c9ccc53a8d8efa321e6f0f490edb6a99a27c6963)], deleted topics: [HashSet()], new partition replica assignment [Map(c9ccc53a8d8efa321e6f0f490edb6a99a27c6963-0 -> ReplicaAssignment(replicas=0, addingReplicas=, removingReplicas=))] (kafka.controller.KafkaController)
[2021-06-04 15:45:31,237] INFO [Controller id=0] New partition creation callback for c9ccc53a8d8efa321e6f0f490edb6a99a27c6963-0 (kafka.controller.KafkaController)
[2021-06-04 15:45:34,984] INFO [Controller id=0] New topics: [HashSet(c3c580c39cf8bb60c0146419328181a100c4cfd2)], deleted topics: [HashSet()], new partition replica assignment [Map(c3c580c39cf8bb60c0146419328181a100c4cfd2-0 -> ReplicaAssignment(replicas=0, addingReplicas=, removingReplicas=))] (kafka.controller.KafkaController)
[2021-06-04 15:45:34,984] INFO [Controller id=0] New partition creation callback for c3c580c39cf8bb60c0146419328181a100c4cfd2-0 (kafka.controller.KafkaController)
[2021-06-04 15:45:38,298] INFO [Controller id=0] New topics: [HashSet(1be882f867dfd63c96cd5a403d0176e3946145a3)], deleted topics: [HashSet()], new partition replica assignment [Map(1be882f867dfd63c96cd5a403d0176e3946145a3-0 -> ReplicaAssignment(replicas=0, addingReplicas=, removingReplicas=))] (kafka.controller.KafkaController)
[2021-06-04 15:45:38,298] INFO [Controller id=0] New partition creation callback for 1be882f867dfd63c96cd5a403d0176e3946145a3-0 (kafka.controller.KafkaController)
[2021-06-04 15:46:00,513] INFO [Controller id=0] Processing automatic preferred replica leader election (kafka.controller.KafkaController)
[2021-06-04 15:46:00,513] TRACE [Controller id=0] Checking need to trigger auto leader balancing (kafka.controller.KafkaController)
[2021-06-04 15:46:00,514] DEBUG [Controller id=0] Topics not in preferred replica for broker 0 HashMap() (kafka.controller.KafkaController)
[2021-06-04 15:46:00,514] TRACE [Controller id=0] Leader imbalance ratio for broker 0 is 0.0 (kafka.controller.KafkaController)
[2021-06-04 15:46:17,512] INFO [Controller id=0] New topics: [HashSet(9824bfd90be1d76140b56667f3871874bbebe242)], deleted topics: [HashSet()], new partition replica assignment [Map(9824bfd90be1d76140b56667f3871874bbebe242-0 -> ReplicaAssignment(replicas=0, addingReplicas=, removingReplicas=))] (kafka.controller.KafkaController)
[2021-06-04 15:46:17,512] INFO [Controller id=0] New partition creation callback for 9824bfd90be1d76140b56667f3871874bbebe242-0 (kafka.controller.KafkaController)
[2021-06-04 15:46:21,231] INFO [Controller id=0] New topics: [HashSet(d3e39bdf6424a03ac0b25cfc7381b7ee17137a07)], deleted topics: [HashSet()], new partition replica assignment [Map(d3e39bdf6424a03ac0b25cfc7381b7ee17137a07-0 -> ReplicaAssignment(replicas=0, addingReplicas=, removingReplicas=))] (kafka.controller.KafkaController)
[2021-06-04 15:46:21,231] INFO [Controller id=0] New partition creation callback for d3e39bdf6424a03ac0b25cfc7381b7ee17137a07-0 (kafka.controller.KafkaController)
[2021-06-04 15:46:24,493] INFO [Controller id=0] New topics: [HashSet(7de97faa7b8d9a3a6a176526110b84ce65cbff0d)], deleted topics: [HashSet()], new partition replica assignment [Map(7de97faa7b8d9a3a6a176526110b84ce65cbff0d-0 -> ReplicaAssignment(replicas=0, addingReplicas=, removingReplicas=))] (kafka.controller.KafkaController)
[2021-06-04 15:46:24,493] INFO [Controller id=0] New partition creation callback for 7de97faa7b8d9a3a6a176526110b84ce65cbff0d-0 (kafka.controller.KafkaController)
[2021-06-04 15:46:28,077] INFO [Controller id=0] New topics: [HashSet(2bdf214a70dd95ac33f77a3d6df1461946b738c8)], deleted topics: [HashSet()], new partition replica assignment [Map(2bdf214a70dd95ac33f77a3d6df1461946b738c8-0 -> ReplicaAssignment(replicas=0, addingReplicas=, removingReplicas=))] (kafka.controller.KafkaController)
[2021-06-04 15:46:28,077] INFO [Controller id=0] New partition creation callback for 2bdf214a70dd95ac33f77a3d6df1461946b738c8-0 (kafka.controller.KafkaController)
[2021-06-04 15:46:31,814] INFO [Controller id=0] New topics: [HashSet(d23f0b4d41ab5ee021beff3bd653d0ea30cf2e03)], deleted topics: [HashSet()], new partition replica assignment [Map(d23f0b4d41ab5ee021beff3bd653d0ea30cf2e03-0 -> ReplicaAssignment(replicas=0, addingReplicas=, removingReplicas=))] (kafka.controller.KafkaController)
[2021-06-04 15:46:31,814] INFO [Controller id=0] New partition creation callback for d23f0b4d41ab5ee021beff3bd653d0ea30cf2e03-0 (kafka.controller.KafkaController)
[2021-06-04 15:46:57,052] INFO [Controller id=0] New topics: [HashSet(b01abb3ccb7b9224ed1cb2de5fc385da82ad3a66)], deleted topics: [HashSet()], new partition replica assignment [Map(b01abb3ccb7b9224ed1cb2de5fc385da82ad3a66-0 -> ReplicaAssignment(replicas=0, addingReplicas=, removingReplicas=))] (kafka.controller.KafkaController)
[2021-06-04 15:46:57,053] INFO [Controller id=0] New partition creation callback for b01abb3ccb7b9224ed1cb2de5fc385da82ad3a66-0 (kafka.controller.KafkaController)
[2021-06-04 15:51:00,521] INFO [Controller id=0] Processing automatic preferred replica leader election (kafka.controller.KafkaController)
[2021-06-04 15:51:00,521] TRACE [Controller id=0] Checking need to trigger auto leader balancing (kafka.controller.KafkaController)
[2021-06-04 15:51:00,521] DEBUG [Controller id=0] Topics not in preferred replica for broker 0 HashMap() (kafka.controller.KafkaController)
[2021-06-04 15:51:00,521] TRACE [Controller id=0] Leader imbalance ratio for broker 0 is 0.0 (kafka.controller.KafkaController)
[2021-06-04 15:56:00,534] INFO [Controller id=0] Processing automatic preferred replica leader election (kafka.controller.KafkaController)
[2021-06-04 15:56:00,534] TRACE [Controller id=0] Checking need to trigger auto leader balancing (kafka.controller.KafkaController)
[2021-06-04 15:56:00,534] DEBUG [Controller id=0] Topics not in preferred replica for broker 0 HashMap() (kafka.controller.KafkaController)
[2021-06-04 15:56:00,534] TRACE [Controller id=0] Leader imbalance ratio for broker 0 is 0.0 (kafka.controller.KafkaController)
[2021-06-04 16:01:00,537] INFO [Controller id=0] Processing automatic preferred replica leader election (kafka.controller.KafkaController)
[2021-06-04 16:01:00,541] TRACE [Controller id=0] Checking need to trigger auto leader balancing (kafka.controller.KafkaController)
[2021-06-04 16:01:00,543] DEBUG [Controller id=0] Topics not in preferred replica for broker 0 HashMap() (kafka.controller.KafkaController)
[2021-06-04 16:01:00,543] TRACE [Controller id=0] Leader imbalance ratio for broker 0 is 0.0 (kafka.controller.KafkaController)
[2021-06-04 16:06:00,557] INFO [Controller id=0] Processing automatic preferred replica leader election (kafka.controller.KafkaController)
[2021-06-04 16:06:00,557] TRACE [Controller id=0] Checking need to trigger auto leader balancing (kafka.controller.KafkaController)
[2021-06-04 16:06:00,558] DEBUG [Controller id=0] Topics not in preferred replica for broker 0 HashMap() (kafka.controller.KafkaController)
[2021-06-04 16:06:00,558] TRACE [Controller id=0] Leader imbalance ratio for broker 0 is 0.0 (kafka.controller.KafkaController)
[2021-06-04 16:11:00,567] INFO [Controller id=0] Processing automatic preferred replica leader election (kafka.controller.KafkaController)
[2021-06-04 16:11:00,568] TRACE [Controller id=0] Checking need to trigger auto leader balancing (kafka.controller.KafkaController)
[2021-06-04 16:11:00,569] DEBUG [Controller id=0] Topics not in preferred replica for broker 0 HashMap() (kafka.controller.KafkaController)
[2021-06-04 16:11:00,569] TRACE [Controller id=0] Leader imbalance ratio for broker 0 is 0.0 (kafka.controller.KafkaController)
[2021-06-04 16:16:00,584] INFO [Controller id=0] Processing automatic preferred replica leader election (kafka.controller.KafkaController)
[2021-06-04 16:16:00,584] TRACE [Controller id=0] Checking need to trigger auto leader balancing (kafka.controller.KafkaController)
[2021-06-04 16:16:00,586] DEBUG [Controller id=0] Topics not in preferred replica for broker 0 HashMap() (kafka.controller.KafkaController)
[2021-06-04 16:16:00,586] TRACE [Controller id=0] Leader imbalance ratio for broker 0 is 0.0 (kafka.controller.KafkaController)
[2021-06-04 16:21:00,592] INFO [Controller id=0] Processing automatic preferred replica leader election (kafka.controller.KafkaController)
[2021-06-04 16:21:00,592] TRACE [Controller id=0] Checking need to trigger auto leader balancing (kafka.controller.KafkaController)
[2021-06-04 16:21:00,594] DEBUG [Controller id=0] Topics not in preferred replica for broker 0 HashMap() (kafka.controller.KafkaController)
[2021-06-04 16:21:00,594] TRACE [Controller id=0] Leader imbalance ratio for broker 0 is 0.0 (kafka.controller.KafkaController)
[2021-06-04 16:26:00,601] INFO [Controller id=0] Processing automatic preferred replica leader election (kafka.controller.KafkaController)
[2021-06-04 16:26:00,601] TRACE [Controller id=0] Checking need to trigger auto leader balancing (kafka.controller.KafkaController)
[2021-06-04 16:26:00,601] DEBUG [Controller id=0] Topics not in preferred replica for broker 0 HashMap() (kafka.controller.KafkaController)
[2021-06-04 16:26:00,601] TRACE [Controller id=0] Leader imbalance ratio for broker 0 is 0.0 (kafka.controller.KafkaController)
[2021-06-04 16:30:54,899] INFO [Controller id=0] New topics: [HashSet(27b455f01bb6d36aebe31fe51c0520d4a88d0752)], deleted topics: [HashSet()], new partition replica assignment [Map(27b455f01bb6d36aebe31fe51c0520d4a88d0752-0 -> ReplicaAssignment(replicas=0, addingReplicas=, removingReplicas=))] (kafka.controller.KafkaController)
[2021-06-04 16:30:54,900] INFO [Controller id=0] New partition creation callback for 27b455f01bb6d36aebe31fe51c0520d4a88d0752-0 (kafka.controller.KafkaController)
[2021-06-04 16:30:54,912] INFO [RequestSendThread controllerId=0] Controller 0 connected to 192.168.99.1:9092 (id: 0 rack: null) for sending state change requests (kafka.controller.RequestSendThread)
[2021-06-04 16:30:58,816] INFO [Controller id=0] New topics: [HashSet(bcefe930d34de79f1db5b766fa4894d34727a62c)], deleted topics: [HashSet()], new partition replica assignment [Map(bcefe930d34de79f1db5b766fa4894d34727a62c-0 -> ReplicaAssignment(replicas=0, addingReplicas=, removingReplicas=))] (kafka.controller.KafkaController)
[2021-06-04 16:30:58,816] INFO [Controller id=0] New partition creation callback for bcefe930d34de79f1db5b766fa4894d34727a62c-0 (kafka.controller.KafkaController)
[2021-06-04 16:31:00,626] INFO [Controller id=0] Processing automatic preferred replica leader election (kafka.controller.KafkaController)
[2021-06-04 16:31:00,626] TRACE [Controller id=0] Checking need to trigger auto leader balancing (kafka.controller.KafkaController)
[2021-06-04 16:31:00,632] DEBUG [Controller id=0] Topics not in preferred replica for broker 0 HashMap() (kafka.controller.KafkaController)
[2021-06-04 16:31:00,632] TRACE [Controller id=0] Leader imbalance ratio for broker 0 is 0.0 (kafka.controller.KafkaController)
[2021-06-04 16:31:02,102] INFO [Controller id=0] New topics: [HashSet(fbba466efe977a0727db35f42392fa195a136df1)], deleted topics: [HashSet()], new partition replica assignment [Map(fbba466efe977a0727db35f42392fa195a136df1-0 -> ReplicaAssignment(replicas=0, addingReplicas=, removingReplicas=))] (kafka.controller.KafkaController)
[2021-06-04 16:31:02,102] INFO [Controller id=0] New partition creation callback for fbba466efe977a0727db35f42392fa195a136df1-0 (kafka.controller.KafkaController)
[2021-06-04 16:31:05,418] INFO [Controller id=0] New topics: [HashSet(db729bf4d7a440ceb0bf7ffb80b4960cca332b83)], deleted topics: [HashSet()], new partition replica assignment [Map(db729bf4d7a440ceb0bf7ffb80b4960cca332b83-0 -> ReplicaAssignment(replicas=0, addingReplicas=, removingReplicas=))] (kafka.controller.KafkaController)
[2021-06-04 16:31:05,418] INFO [Controller id=0] New partition creation callback for db729bf4d7a440ceb0bf7ffb80b4960cca332b83-0 (kafka.controller.KafkaController)
[2021-06-04 16:36:00,646] INFO [Controller id=0] Processing automatic preferred replica leader election (kafka.controller.KafkaController)
[2021-06-04 16:36:00,646] TRACE [Controller id=0] Checking need to trigger auto leader balancing (kafka.controller.KafkaController)
[2021-06-04 16:36:00,646] DEBUG [Controller id=0] Topics not in preferred replica for broker 0 HashMap() (kafka.controller.KafkaController)
[2021-06-04 16:36:00,646] TRACE [Controller id=0] Leader imbalance ratio for broker 0 is 0.0 (kafka.controller.KafkaController)
[2021-06-04 16:41:00,647] INFO [Controller id=0] Processing automatic preferred replica leader election (kafka.controller.KafkaController)
[2021-06-04 16:41:00,647] TRACE [Controller id=0] Checking need to trigger auto leader balancing (kafka.controller.KafkaController)
[2021-06-04 16:41:00,647] DEBUG [Controller id=0] Topics not in preferred replica for broker 0 HashMap() (kafka.controller.KafkaController)
[2021-06-04 16:41:00,647] TRACE [Controller id=0] Leader imbalance ratio for broker 0 is 0.0 (kafka.controller.KafkaController)
