[2021-04-27 17:45:56,566] INFO Starting the log cleaner (kafka.log.LogCleaner)
[2021-04-27 17:45:56,623] INFO [kafka-log-cleaner-thread-0]: Starting (kafka.log.LogCleaner)
[2021-05-07 17:53:06,109] INFO Starting the log cleaner (kafka.log.LogCleaner)
[2021-05-07 17:53:06,166] INFO [kafka-log-cleaner-thread-0]: Starting (kafka.log.LogCleaner)
[2021-05-07 17:53:07,429] INFO Shutting down the log cleaner. (kafka.log.LogCleaner)
[2021-05-07 17:53:07,429] INFO [kafka-log-cleaner-thread-0]: Shutting down (kafka.log.LogCleaner)
[2021-05-07 17:53:07,429] INFO [kafka-log-cleaner-thread-0]: Stopped (kafka.log.LogCleaner)
[2021-05-07 17:53:07,429] INFO [kafka-log-cleaner-thread-0]: Shutdown completed (kafka.log.LogCleaner)
[2021-05-07 17:53:15,756] INFO Starting the log cleaner (kafka.log.LogCleaner)
[2021-05-07 17:53:15,803] INFO [kafka-log-cleaner-thread-0]: Starting (kafka.log.LogCleaner)
[2021-05-07 17:53:16,925] INFO Shutting down the log cleaner. (kafka.log.LogCleaner)
[2021-05-07 17:53:16,925] INFO [kafka-log-cleaner-thread-0]: Shutting down (kafka.log.LogCleaner)
[2021-05-07 17:53:16,925] INFO [kafka-log-cleaner-thread-0]: Stopped (kafka.log.LogCleaner)
[2021-05-07 17:53:16,925] INFO [kafka-log-cleaner-thread-0]: Shutdown completed (kafka.log.LogCleaner)
[2021-05-07 17:53:24,285] INFO Starting the log cleaner (kafka.log.LogCleaner)
[2021-05-07 17:53:24,327] INFO [kafka-log-cleaner-thread-0]: Starting (kafka.log.LogCleaner)
[2021-05-07 18:02:31,836] INFO Starting the log cleaner (kafka.log.LogCleaner)
[2021-05-07 18:02:31,885] INFO [kafka-log-cleaner-thread-0]: Starting (kafka.log.LogCleaner)
[2021-05-07 18:06:16,841] INFO Starting the log cleaner (kafka.log.LogCleaner)
[2021-05-07 18:06:16,899] INFO [kafka-log-cleaner-thread-0]: Starting (kafka.log.LogCleaner)
[2021-05-07 19:01:05,340] INFO Starting the log cleaner (kafka.log.LogCleaner)
[2021-05-07 19:01:05,395] INFO [kafka-log-cleaner-thread-0]: Starting (kafka.log.LogCleaner)
[2021-05-07 19:19:43,077] INFO Starting the log cleaner (kafka.log.LogCleaner)
[2021-05-07 19:19:43,120] INFO [kafka-log-cleaner-thread-0]: Starting (kafka.log.LogCleaner)
[2021-05-07 19:31:46,507] INFO Starting the log cleaner (kafka.log.LogCleaner)
[2021-05-07 19:31:46,550] INFO [kafka-log-cleaner-thread-0]: Starting (kafka.log.LogCleaner)
[2021-05-07 20:11:04,705] INFO Starting the log cleaner (kafka.log.LogCleaner)
[2021-05-07 20:11:04,755] INFO [kafka-log-cleaner-thread-0]: Starting (kafka.log.LogCleaner)
[2021-05-07 21:23:27,852] INFO Starting the log cleaner (kafka.log.LogCleaner)
[2021-05-07 21:23:27,893] INFO [kafka-log-cleaner-thread-0]: Starting (kafka.log.LogCleaner)
[2021-05-08 02:14:20,080] INFO Starting the log cleaner (kafka.log.LogCleaner)
[2021-05-08 02:14:20,183] INFO [kafka-log-cleaner-thread-0]: Starting (kafka.log.LogCleaner)
[2021-05-08 02:14:21,546] INFO Shutting down the log cleaner. (kafka.log.LogCleaner)
[2021-05-08 02:14:21,546] INFO [kafka-log-cleaner-thread-0]: Shutting down (kafka.log.LogCleaner)
[2021-05-08 02:14:21,547] INFO [kafka-log-cleaner-thread-0]: Stopped (kafka.log.LogCleaner)
[2021-05-08 02:14:21,547] INFO [kafka-log-cleaner-thread-0]: Shutdown completed (kafka.log.LogCleaner)
[2021-05-08 02:17:10,921] INFO Starting the log cleaner (kafka.log.LogCleaner)
[2021-05-08 02:17:10,992] INFO [kafka-log-cleaner-thread-0]: Starting (kafka.log.LogCleaner)
[2021-05-21 17:23:51,495] INFO Starting the log cleaner (kafka.log.LogCleaner)
[2021-05-21 17:23:51,564] INFO [kafka-log-cleaner-thread-0]: Starting (kafka.log.LogCleaner)
[2021-05-22 11:45:31,187] INFO Starting the log cleaner (kafka.log.LogCleaner)
[2021-05-22 11:45:31,278] INFO [kafka-log-cleaner-thread-0]: Starting (kafka.log.LogCleaner)
[2021-05-23 21:21:53,212] INFO Starting the log cleaner (kafka.log.LogCleaner)
[2021-05-23 21:21:53,259] INFO [kafka-log-cleaner-thread-0]: Starting (kafka.log.LogCleaner)
[2021-05-24 12:32:30,954] INFO Starting the log cleaner (kafka.log.LogCleaner)
[2021-05-24 12:32:31,016] INFO [kafka-log-cleaner-thread-0]: Starting (kafka.log.LogCleaner)
[2021-06-03 22:45:38,764] INFO Starting the log cleaner (kafka.log.LogCleaner)
[2021-06-03 22:45:38,810] INFO [kafka-log-cleaner-thread-0]: Starting (kafka.log.LogCleaner)
[2021-06-04 14:48:49,429] INFO Starting the log cleaner (kafka.log.LogCleaner)
[2021-06-04 14:48:49,486] INFO [kafka-log-cleaner-thread-0]: Starting (kafka.log.LogCleaner)
[2021-06-04 14:48:50,750] INFO Shutting down the log cleaner. (kafka.log.LogCleaner)
[2021-06-04 14:48:50,751] INFO [kafka-log-cleaner-thread-0]: Shutting down (kafka.log.LogCleaner)
[2021-06-04 14:48:50,751] INFO [kafka-log-cleaner-thread-0]: Stopped (kafka.log.LogCleaner)
[2021-06-04 14:48:50,751] INFO [kafka-log-cleaner-thread-0]: Shutdown completed (kafka.log.LogCleaner)
[2021-06-04 14:50:54,636] INFO Starting the log cleaner (kafka.log.LogCleaner)
[2021-06-04 14:50:54,685] INFO [kafka-log-cleaner-thread-0]: Starting (kafka.log.LogCleaner)
