[2021-04-07 21:46:18,287] DEBUG preRegister called. Server=com.sun.jmx.mbeanserver.JmxMBeanServer@73035e27, name=log4j:logger=kafka.controller (kafka.controller)
[2021-04-07 21:49:19,007] DEBUG preRegister called. Server=com.sun.jmx.mbeanserver.JmxMBeanServer@483bf400, name=log4j:logger=kafka.controller (kafka.controller)
[2021-04-07 21:49:26,255] INFO [ControllerEventThread controllerId=0] Starting (kafka.controller.ControllerEventManager$ControllerEventThread)
[2021-04-07 21:49:26,278] INFO [Controller id=0] 0 successfully elected as the controller. Epoch incremented to 1 and epoch zk version is now 1 (kafka.controller.KafkaController)
[2021-04-07 21:49:26,286] INFO [Controller id=0] Creating FeatureZNode at path: /feature with contents: FeatureZNode(Enabled,Features{}) (kafka.controller.KafkaController)
[2021-04-07 21:49:26,329] INFO [Controller id=0] Registering handlers (kafka.controller.KafkaController)
[2021-04-07 21:49:26,331] INFO [Controller id=0] Deleting log dir event notifications (kafka.controller.KafkaController)
[2021-04-07 21:49:26,333] INFO [Controller id=0] Deleting isr change notifications (kafka.controller.KafkaController)
[2021-04-07 21:49:26,335] INFO [Controller id=0] Initializing controller context (kafka.controller.KafkaController)
[2021-04-07 21:49:26,345] INFO [Controller id=0] Initialized broker epochs cache: HashMap(0 -> 24) (kafka.controller.KafkaController)
[2021-04-07 21:49:26,347] DEBUG [Controller id=0] Register BrokerModifications handler for Set(0) (kafka.controller.KafkaController)
[2021-04-07 21:49:26,352] DEBUG [Channel manager on controller 0]: Controller 0 trying to connect to broker 0 (kafka.controller.ControllerChannelManager)
[2021-04-07 21:49:26,357] INFO [RequestSendThread controllerId=0] Starting (kafka.controller.RequestSendThread)
[2021-04-07 21:49:26,359] INFO [Controller id=0] Currently active brokers in the cluster: Set(0) (kafka.controller.KafkaController)
[2021-04-07 21:49:26,359] INFO [Controller id=0] Currently shutting brokers in the cluster: HashSet() (kafka.controller.KafkaController)
[2021-04-07 21:49:26,360] INFO [Controller id=0] Current list of topics in the cluster: HashSet() (kafka.controller.KafkaController)
[2021-04-07 21:49:26,360] INFO [Controller id=0] Fetching topic deletions in progress (kafka.controller.KafkaController)
[2021-04-07 21:49:26,362] INFO [Controller id=0] List of topics to be deleted:  (kafka.controller.KafkaController)
[2021-04-07 21:49:26,362] INFO [Controller id=0] List of topics ineligible for deletion:  (kafka.controller.KafkaController)
[2021-04-07 21:49:26,363] INFO [Controller id=0] Initializing topic deletion manager (kafka.controller.KafkaController)
[2021-04-07 21:49:26,363] INFO [Topic Deletion Manager 0] Initializing manager with initial deletions: Set(), initial ineligible deletions: HashSet() (kafka.controller.TopicDeletionManager)
[2021-04-07 21:49:26,364] INFO [Controller id=0] Sending update metadata request (kafka.controller.KafkaController)
[2021-04-07 21:49:26,378] INFO [ReplicaStateMachine controllerId=0] Initializing replica state (kafka.controller.ZkReplicaStateMachine)
[2021-04-07 21:49:26,379] INFO [ReplicaStateMachine controllerId=0] Triggering online replica state changes (kafka.controller.ZkReplicaStateMachine)
[2021-04-07 21:49:26,382] INFO [ReplicaStateMachine controllerId=0] Triggering offline replica state changes (kafka.controller.ZkReplicaStateMachine)
[2021-04-07 21:49:26,383] DEBUG [ReplicaStateMachine controllerId=0] Started replica state machine with initial state -> HashMap() (kafka.controller.ZkReplicaStateMachine)
[2021-04-07 21:49:26,383] INFO [PartitionStateMachine controllerId=0] Initializing partition state (kafka.controller.ZkPartitionStateMachine)
[2021-04-07 21:49:26,383] INFO [PartitionStateMachine controllerId=0] Triggering online partition state changes (kafka.controller.ZkPartitionStateMachine)
[2021-04-07 21:49:26,385] INFO [RequestSendThread controllerId=0] Controller 0 connected to 192.168.99.1:9092 (id: 0 rack: null) for sending state change requests (kafka.controller.RequestSendThread)
[2021-04-07 21:49:26,386] DEBUG [PartitionStateMachine controllerId=0] Started partition state machine with initial state -> HashMap() (kafka.controller.ZkPartitionStateMachine)
[2021-04-07 21:49:26,386] INFO [Controller id=0] Ready to serve as the new controller with epoch 1 (kafka.controller.KafkaController)
[2021-04-07 21:49:26,391] INFO [Controller id=0] Partitions undergoing preferred replica election:  (kafka.controller.KafkaController)
[2021-04-07 21:49:26,391] INFO [Controller id=0] Partitions that completed preferred replica election:  (kafka.controller.KafkaController)
[2021-04-07 21:49:26,391] INFO [Controller id=0] Skipping preferred replica election for partitions due to topic deletion:  (kafka.controller.KafkaController)
[2021-04-07 21:49:26,391] INFO [Controller id=0] Resuming preferred replica election for partitions:  (kafka.controller.KafkaController)
[2021-04-07 21:49:26,392] INFO [Controller id=0] Starting replica leader election (PREFERRED) for partitions  triggered by ZkTriggered (kafka.controller.KafkaController)
[2021-04-07 21:49:26,403] INFO [Controller id=0] Starting the controller scheduler (kafka.controller.KafkaController)
[2021-04-07 21:49:31,418] INFO [Controller id=0] Processing automatic preferred replica leader election (kafka.controller.KafkaController)
[2021-04-07 21:49:31,418] TRACE [Controller id=0] Checking need to trigger auto leader balancing (kafka.controller.KafkaController)
[2021-04-07 21:54:31,428] INFO [Controller id=0] Processing automatic preferred replica leader election (kafka.controller.KafkaController)
[2021-04-07 21:54:31,428] TRACE [Controller id=0] Checking need to trigger auto leader balancing (kafka.controller.KafkaController)
[2021-04-07 21:58:21,975] INFO [Controller id=0] New topics: [Set(sportsgben)], deleted topics: [HashSet()], new partition replica assignment [Map(sportsgben-0 -> ReplicaAssignment(replicas=0, addingReplicas=, removingReplicas=))] (kafka.controller.KafkaController)
[2021-04-07 21:58:21,975] INFO [Controller id=0] New partition creation callback for sportsgben-0 (kafka.controller.KafkaController)
[2021-04-07 21:58:22,011] INFO [Controller id=0] New topics: [Set(__consumer_offsets)], deleted topics: [HashSet()], new partition replica assignment [HashMap(__consumer_offsets-22 -> ReplicaAssignment(replicas=0, addingReplicas=, removingReplicas=), __consumer_offsets-30 -> ReplicaAssignment(replicas=0, addingReplicas=, removingReplicas=), __consumer_offsets-25 -> ReplicaAssignment(replicas=0, addingReplicas=, removingReplicas=), __consumer_offsets-35 -> ReplicaAssignment(replicas=0, addingReplicas=, removingReplicas=), __consumer_offsets-37 -> ReplicaAssignment(replicas=0, addingReplicas=, removingReplicas=), __consumer_offsets-38 -> ReplicaAssignment(replicas=0, addingReplicas=, removingReplicas=), __consumer_offsets-13 -> ReplicaAssignment(replicas=0, addingReplicas=, removingReplicas=), __consumer_offsets-8 -> ReplicaAssignment(replicas=0, addingReplicas=, removingReplicas=), __consumer_offsets-21 -> ReplicaAssignment(replicas=0, addingReplicas=, removingReplicas=), __consumer_offsets-4 -> ReplicaAssignment(replicas=0, addingReplicas=, removingReplicas=), __consumer_offsets-27 -> ReplicaAssignment(replicas=0, addingReplicas=, removingReplicas=), __consumer_offsets-7 -> ReplicaAssignment(replicas=0, addingReplicas=, removingReplicas=), __consumer_offsets-9 -> ReplicaAssignment(replicas=0, addingReplicas=, removingReplicas=), __consumer_offsets-46 -> ReplicaAssignment(replicas=0, addingReplicas=, removingReplicas=), __consumer_offsets-41 -> ReplicaAssignment(replicas=0, addingReplicas=, removingReplicas=), __consumer_offsets-33 -> ReplicaAssignment(replicas=0, addingReplicas=, removingReplicas=), __consumer_offsets-23 -> ReplicaAssignment(replicas=0, addingReplicas=, removingReplicas=), __consumer_offsets-49 -> ReplicaAssignment(replicas=0, addingReplicas=, removingReplicas=), __consumer_offsets-47 -> ReplicaAssignment(replicas=0, addingReplicas=, removingReplicas=), __consumer_offsets-16 -> ReplicaAssignment(replicas=0, addingReplicas=, removingReplicas=), __consumer_offsets-28 -> ReplicaAssignment(replicas=0, addingReplicas=, removingReplicas=), __consumer_offsets-31 -> ReplicaAssignment(replicas=0, addingReplicas=, removingReplicas=), __consumer_offsets-36 -> ReplicaAssignment(replicas=0, addingReplicas=, removingReplicas=), __consumer_offsets-42 -> ReplicaAssignment(replicas=0, addingReplicas=, removingReplicas=), __consumer_offsets-3 -> ReplicaAssignment(replicas=0, addingReplicas=, removingReplicas=), __consumer_offsets-18 -> ReplicaAssignment(replicas=0, addingReplicas=, removingReplicas=), __consumer_offsets-15 -> ReplicaAssignment(replicas=0, addingReplicas=, removingReplicas=), __consumer_offsets-24 -> ReplicaAssignment(replicas=0, addingReplicas=, removingReplicas=), __consumer_offsets-17 -> ReplicaAssignment(replicas=0, addingReplicas=, removingReplicas=), __consumer_offsets-48 -> ReplicaAssignment(replicas=0, addingReplicas=, removingReplicas=), __consumer_offsets-19 -> ReplicaAssignment(replicas=0, addingReplicas=, removingReplicas=), __consumer_offsets-11 -> ReplicaAssignment(replicas=0, addingReplicas=, removingReplicas=), __consumer_offsets-2 -> ReplicaAssignment(replicas=0, addingReplicas=, removingReplicas=), __consumer_offsets-43 -> ReplicaAssignment(replicas=0, addingReplicas=, removingReplicas=), __consumer_offsets-6 -> ReplicaAssignment(replicas=0, addingReplicas=, removingReplicas=), __consumer_offsets-14 -> ReplicaAssignment(replicas=0, addingReplicas=, removingReplicas=), __consumer_offsets-20 -> ReplicaAssignment(replicas=0, addingReplicas=, removingReplicas=), __consumer_offsets-0 -> ReplicaAssignment(replicas=0, addingReplicas=, removingReplicas=), __consumer_offsets-44 -> ReplicaAssignment(replicas=0, addingReplicas=, removingReplicas=), __consumer_offsets-39 -> ReplicaAssignment(replicas=0, addingReplicas=, removingReplicas=), __consumer_offsets-12 -> ReplicaAssignment(replicas=0, addingReplicas=, removingReplicas=), __consumer_offsets-45 -> ReplicaAssignment(replicas=0, addingReplicas=, removingReplicas=), __consumer_offsets-1 -> ReplicaAssignment(replicas=0, addingReplicas=, removingReplicas=), __consumer_offsets-5 -> ReplicaAssignment(replicas=0, addingReplicas=, removingReplicas=), __consumer_offsets-26 -> ReplicaAssignment(replicas=0, addingReplicas=, removingReplicas=), __consumer_offsets-29 -> ReplicaAssignment(replicas=0, addingReplicas=, removingReplicas=), __consumer_offsets-34 -> ReplicaAssignment(replicas=0, addingReplicas=, removingReplicas=), __consumer_offsets-10 -> ReplicaAssignment(replicas=0, addingReplicas=, removingReplicas=), __consumer_offsets-32 -> ReplicaAssignment(replicas=0, addingReplicas=, removingReplicas=), __consumer_offsets-40 -> ReplicaAssignment(replicas=0, addingReplicas=, removingReplicas=))] (kafka.controller.KafkaController)
[2021-04-07 21:58:22,012] INFO [Controller id=0] New partition creation callback for __consumer_offsets-22,__consumer_offsets-30,__consumer_offsets-25,__consumer_offsets-35,__consumer_offsets-37,__consumer_offsets-38,__consumer_offsets-13,__consumer_offsets-8,__consumer_offsets-21,__consumer_offsets-4,__consumer_offsets-27,__consumer_offsets-7,__consumer_offsets-9,__consumer_offsets-46,__consumer_offsets-41,__consumer_offsets-33,__consumer_offsets-23,__consumer_offsets-49,__consumer_offsets-47,__consumer_offsets-16,__consumer_offsets-28,__consumer_offsets-31,__consumer_offsets-36,__consumer_offsets-42,__consumer_offsets-3,__consumer_offsets-18,__consumer_offsets-15,__consumer_offsets-24,__consumer_offsets-17,__consumer_offsets-48,__consumer_offsets-19,__consumer_offsets-11,__consumer_offsets-2,__consumer_offsets-43,__consumer_offsets-6,__consumer_offsets-14,__consumer_offsets-20,__consumer_offsets-0,__consumer_offsets-44,__consumer_offsets-39,__consumer_offsets-12,__consumer_offsets-45,__consumer_offsets-1,__consumer_offsets-5,__consumer_offsets-26,__consumer_offsets-29,__consumer_offsets-34,__consumer_offsets-10,__consumer_offsets-32,__consumer_offsets-40 (kafka.controller.KafkaController)
[2021-04-07 21:58:22,327] INFO [Controller id=0] New topics: [Set(businessgben)], deleted topics: [HashSet()], new partition replica assignment [Map(businessgben-0 -> ReplicaAssignment(replicas=0, addingReplicas=, removingReplicas=))] (kafka.controller.KafkaController)
[2021-04-07 21:58:22,327] INFO [Controller id=0] New partition creation callback for businessgben-0 (kafka.controller.KafkaController)
[2021-04-07 21:58:22,823] INFO [Controller id=0] New topics: [Set(technologygben)], deleted topics: [HashSet()], new partition replica assignment [Map(technologygben-0 -> ReplicaAssignment(replicas=0, addingReplicas=, removingReplicas=))] (kafka.controller.KafkaController)
[2021-04-07 21:58:22,823] INFO [Controller id=0] New partition creation callback for technologygben-0 (kafka.controller.KafkaController)
[2021-04-07 21:58:23,848] INFO [Controller id=0] New topics: [HashSet(entertainmentgben)], deleted topics: [HashSet()], new partition replica assignment [Map(entertainmentgben-0 -> ReplicaAssignment(replicas=0, addingReplicas=, removingReplicas=))] (kafka.controller.KafkaController)
[2021-04-07 21:58:23,848] INFO [Controller id=0] New partition creation callback for entertainmentgben-0 (kafka.controller.KafkaController)
[2021-04-07 21:59:31,437] INFO [Controller id=0] Processing automatic preferred replica leader election (kafka.controller.KafkaController)
[2021-04-07 21:59:31,437] TRACE [Controller id=0] Checking need to trigger auto leader balancing (kafka.controller.KafkaController)
[2021-04-07 21:59:31,438] DEBUG [Controller id=0] Topics not in preferred replica for broker 0 HashMap() (kafka.controller.KafkaController)
[2021-04-07 21:59:31,439] TRACE [Controller id=0] Leader imbalance ratio for broker 0 is 0.0 (kafka.controller.KafkaController)
[2021-04-07 22:04:31,452] INFO [Controller id=0] Processing automatic preferred replica leader election (kafka.controller.KafkaController)
[2021-04-07 22:04:31,453] TRACE [Controller id=0] Checking need to trigger auto leader balancing (kafka.controller.KafkaController)
[2021-04-07 22:04:31,454] DEBUG [Controller id=0] Topics not in preferred replica for broker 0 HashMap() (kafka.controller.KafkaController)
[2021-04-07 22:04:31,454] TRACE [Controller id=0] Leader imbalance ratio for broker 0 is 0.0 (kafka.controller.KafkaController)
[2021-04-07 22:08:24,864] INFO [Controller id=0] New topics: [HashSet(technologygb)], deleted topics: [HashSet()], new partition replica assignment [Map(technologygb-0 -> ReplicaAssignment(replicas=0, addingReplicas=, removingReplicas=))] (kafka.controller.KafkaController)
[2021-04-07 22:08:24,864] INFO [Controller id=0] New partition creation callback for technologygb-0 (kafka.controller.KafkaController)
[2021-04-07 22:08:24,875] INFO [RequestSendThread controllerId=0] Controller 0 connected to 192.168.99.1:9092 (id: 0 rack: null) for sending state change requests (kafka.controller.RequestSendThread)
[2021-04-07 22:09:31,460] INFO [Controller id=0] Processing automatic preferred replica leader election (kafka.controller.KafkaController)
[2021-04-07 22:09:31,460] TRACE [Controller id=0] Checking need to trigger auto leader balancing (kafka.controller.KafkaController)
[2021-04-07 22:09:31,461] DEBUG [Controller id=0] Topics not in preferred replica for broker 0 HashMap() (kafka.controller.KafkaController)
[2021-04-07 22:09:31,461] TRACE [Controller id=0] Leader imbalance ratio for broker 0 is 0.0 (kafka.controller.KafkaController)
[2021-04-07 22:14:31,469] INFO [Controller id=0] Processing automatic preferred replica leader election (kafka.controller.KafkaController)
[2021-04-07 22:14:31,469] TRACE [Controller id=0] Checking need to trigger auto leader balancing (kafka.controller.KafkaController)
[2021-04-07 22:14:31,469] DEBUG [Controller id=0] Topics not in preferred replica for broker 0 HashMap() (kafka.controller.KafkaController)
[2021-04-07 22:14:31,470] TRACE [Controller id=0] Leader imbalance ratio for broker 0 is 0.0 (kafka.controller.KafkaController)
[2021-04-07 22:17:01,757] INFO [Controller id=0] New topics: [HashSet(healthgben)], deleted topics: [HashSet()], new partition replica assignment [Map(healthgben-0 -> ReplicaAssignment(replicas=0, addingReplicas=, removingReplicas=))] (kafka.controller.KafkaController)
[2021-04-07 22:17:01,758] INFO [Controller id=0] New partition creation callback for healthgben-0 (kafka.controller.KafkaController)
[2021-04-07 22:19:09,667] DEBUG preRegister called. Server=com.sun.jmx.mbeanserver.JmxMBeanServer@483bf400, name=log4j:logger=kafka.controller (kafka.controller)
[2021-04-07 22:19:37,918] INFO [ControllerEventThread controllerId=0] Starting (kafka.controller.ControllerEventManager$ControllerEventThread)
[2021-04-07 22:19:37,937] INFO [Controller id=0] 0 successfully elected as the controller. Epoch incremented to 2 and epoch zk version is now 2 (kafka.controller.KafkaController)
[2021-04-07 22:19:37,939] INFO [Controller id=0] Registering handlers (kafka.controller.KafkaController)
[2021-04-07 22:19:37,942] INFO [Controller id=0] Deleting log dir event notifications (kafka.controller.KafkaController)
[2021-04-07 22:19:37,944] INFO [Controller id=0] Deleting isr change notifications (kafka.controller.KafkaController)
[2021-04-07 22:19:37,946] INFO [Controller id=0] Initializing controller context (kafka.controller.KafkaController)
[2021-04-07 22:19:37,952] INFO [Controller id=0] Initialized broker epochs cache: HashMap(0 -> 217) (kafka.controller.KafkaController)
[2021-04-07 22:19:37,961] DEBUG [Controller id=0] Register BrokerModifications handler for Set(0) (kafka.controller.KafkaController)
[2021-04-07 22:19:37,983] DEBUG [Channel manager on controller 0]: Controller 0 trying to connect to broker 0 (kafka.controller.ControllerChannelManager)
[2021-04-07 22:19:37,989] INFO [RequestSendThread controllerId=0] Starting (kafka.controller.RequestSendThread)
[2021-04-07 22:19:37,990] INFO [Controller id=0] Currently active brokers in the cluster: Set(0) (kafka.controller.KafkaController)
[2021-04-07 22:19:37,991] INFO [Controller id=0] Currently shutting brokers in the cluster: HashSet() (kafka.controller.KafkaController)
[2021-04-07 22:19:37,991] INFO [Controller id=0] Current list of topics in the cluster: HashSet(healthgben, technologygben, businessgben, sportsgben, technologygb, __consumer_offsets, entertainmentgben) (kafka.controller.KafkaController)
[2021-04-07 22:19:37,991] INFO [Controller id=0] Fetching topic deletions in progress (kafka.controller.KafkaController)
[2021-04-07 22:19:37,996] INFO [Controller id=0] List of topics to be deleted:  (kafka.controller.KafkaController)
[2021-04-07 22:19:37,997] INFO [Controller id=0] List of topics ineligible for deletion:  (kafka.controller.KafkaController)
[2021-04-07 22:19:37,997] INFO [Controller id=0] Initializing topic deletion manager (kafka.controller.KafkaController)
[2021-04-07 22:19:37,997] INFO [Topic Deletion Manager 0] Initializing manager with initial deletions: Set(), initial ineligible deletions: HashSet() (kafka.controller.TopicDeletionManager)
[2021-04-07 22:19:37,998] INFO [Controller id=0] Sending update metadata request (kafka.controller.KafkaController)
[2021-04-07 22:19:38,005] INFO [ReplicaStateMachine controllerId=0] Initializing replica state (kafka.controller.ZkReplicaStateMachine)
[2021-04-07 22:19:38,010] INFO [ReplicaStateMachine controllerId=0] Triggering online replica state changes (kafka.controller.ZkReplicaStateMachine)
[2021-04-07 22:19:38,011] INFO [RequestSendThread controllerId=0] Controller 0 connected to 192.168.99.1:9092 (id: 0 rack: null) for sending state change requests (kafka.controller.RequestSendThread)
[2021-04-07 22:19:38,028] INFO [ReplicaStateMachine controllerId=0] Triggering offline replica state changes (kafka.controller.ZkReplicaStateMachine)
[2021-04-07 22:19:38,028] DEBUG [ReplicaStateMachine controllerId=0] Started replica state machine with initial state -> HashMap([Topic=__consumer_offsets,Partition=40,Replica=0] -> OnlineReplica, [Topic=entertainmentgben,Partition=0,Replica=0] -> OnlineReplica, [Topic=__consumer_offsets,Partition=27,Replica=0] -> OnlineReplica, [Topic=__consumer_offsets,Partition=49,Replica=0] -> OnlineReplica, [Topic=__consumer_offsets,Partition=47,Replica=0] -> OnlineReplica, [Topic=__consumer_offsets,Partition=3,Replica=0] -> OnlineReplica, [Topic=__consumer_offsets,Partition=18,Replica=0] -> OnlineReplica, [Topic=__consumer_offsets,Partition=44,Replica=0] -> OnlineReplica, [Topic=sportsgben,Partition=0,Replica=0] -> OnlineReplica, [Topic=__consumer_offsets,Partition=8,Replica=0] -> OnlineReplica, [Topic=__consumer_offsets,Partition=34,Replica=0] -> OnlineReplica, [Topic=__consumer_offsets,Partition=25,Replica=0] -> OnlineReplica, [Topic=__consumer_offsets,Partition=14,Replica=0] -> OnlineReplica, [Topic=__consumer_offsets,Partition=24,Replica=0] -> OnlineReplica, [Topic=__consumer_offsets,Partition=36,Replica=0] -> OnlineReplica, [Topic=__consumer_offsets,Partition=42,Replica=0] -> OnlineReplica, [Topic=technologygben,Partition=0,Replica=0] -> OnlineReplica, [Topic=__consumer_offsets,Partition=45,Replica=0] -> OnlineReplica, [Topic=__consumer_offsets,Partition=11,Replica=0] -> OnlineReplica, [Topic=__consumer_offsets,Partition=32,Replica=0] -> OnlineReplica, [Topic=__consumer_offsets,Partition=12,Replica=0] -> OnlineReplica, [Topic=__consumer_offsets,Partition=30,Replica=0] -> OnlineReplica, [Topic=__consumer_offsets,Partition=9,Replica=0] -> OnlineReplica, [Topic=__consumer_offsets,Partition=39,Replica=0] -> OnlineReplica, [Topic=__consumer_offsets,Partition=38,Replica=0] -> OnlineReplica, [Topic=__consumer_offsets,Partition=23,Replica=0] -> OnlineReplica, [Topic=businessgben,Partition=0,Replica=0] -> OnlineReplica, [Topic=__consumer_offsets,Partition=19,Replica=0] -> OnlineReplica, [Topic=__consumer_offsets,Partition=17,Replica=0] -> OnlineReplica, [Topic=__consumer_offsets,Partition=41,Replica=0] -> OnlineReplica, [Topic=__consumer_offsets,Partition=37,Replica=0] -> OnlineReplica, [Topic=__consumer_offsets,Partition=48,Replica=0] -> OnlineReplica, [Topic=__consumer_offsets,Partition=29,Replica=0] -> OnlineReplica, [Topic=__consumer_offsets,Partition=10,Replica=0] -> OnlineReplica, [Topic=healthgben,Partition=0,Replica=0] -> OnlineReplica, [Topic=__consumer_offsets,Partition=46,Replica=0] -> OnlineReplica, [Topic=__consumer_offsets,Partition=1,Replica=0] -> OnlineReplica, [Topic=__consumer_offsets,Partition=16,Replica=0] -> OnlineReplica, [Topic=__consumer_offsets,Partition=5,Replica=0] -> OnlineReplica, [Topic=__consumer_offsets,Partition=15,Replica=0] -> OnlineReplica, [Topic=__consumer_offsets,Partition=4,Replica=0] -> OnlineReplica, [Topic=__consumer_offsets,Partition=6,Replica=0] -> OnlineReplica, [Topic=__consumer_offsets,Partition=7,Replica=0] -> OnlineReplica, [Topic=__consumer_offsets,Partition=43,Replica=0] -> OnlineReplica, [Topic=__consumer_offsets,Partition=0,Replica=0] -> OnlineReplica, [Topic=__consumer_offsets,Partition=20,Replica=0] -> OnlineReplica, [Topic=__consumer_offsets,Partition=31,Replica=0] -> OnlineReplica, [Topic=__consumer_offsets,Partition=28,Replica=0] -> OnlineReplica, [Topic=__consumer_offsets,Partition=26,Replica=0] -> OnlineReplica, [Topic=__consumer_offsets,Partition=2,Replica=0] -> OnlineReplica, [Topic=__consumer_offsets,Partition=33,Replica=0] -> OnlineReplica, [Topic=__consumer_offsets,Partition=22,Replica=0] -> OnlineReplica, [Topic=__consumer_offsets,Partition=21,Replica=0] -> OnlineReplica, [Topic=__consumer_offsets,Partition=13,Replica=0] -> OnlineReplica, [Topic=__consumer_offsets,Partition=35,Replica=0] -> OnlineReplica, [Topic=technologygb,Partition=0,Replica=0] -> OnlineReplica) (kafka.controller.ZkReplicaStateMachine)
[2021-04-07 22:19:38,028] INFO [PartitionStateMachine controllerId=0] Initializing partition state (kafka.controller.ZkPartitionStateMachine)
[2021-04-07 22:19:38,031] INFO [PartitionStateMachine controllerId=0] Triggering online partition state changes (kafka.controller.ZkPartitionStateMachine)
[2021-04-07 22:19:38,032] DEBUG [PartitionStateMachine controllerId=0] Started partition state machine with initial state -> HashMap(__consumer_offsets-13 -> OnlinePartition, __consumer_offsets-46 -> OnlinePartition, __consumer_offsets-9 -> OnlinePartition, __consumer_offsets-42 -> OnlinePartition, __consumer_offsets-21 -> OnlinePartition, sportsgben-0 -> OnlinePartition, __consumer_offsets-17 -> OnlinePartition, __consumer_offsets-30 -> OnlinePartition, __consumer_offsets-26 -> OnlinePartition, __consumer_offsets-5 -> OnlinePartition, __consumer_offsets-38 -> OnlinePartition, __consumer_offsets-1 -> OnlinePartition, __consumer_offsets-34 -> OnlinePartition, __consumer_offsets-16 -> OnlinePartition, __consumer_offsets-45 -> OnlinePartition, __consumer_offsets-12 -> OnlinePartition, __consumer_offsets-41 -> OnlinePartition, __consumer_offsets-24 -> OnlinePartition, businessgben-0 -> OnlinePartition, __consumer_offsets-20 -> OnlinePartition, __consumer_offsets-49 -> OnlinePartition, entertainmentgben-0 -> OnlinePartition, __consumer_offsets-0 -> OnlinePartition, __consumer_offsets-29 -> OnlinePartition, technologygb-0 -> OnlinePartition, __consumer_offsets-25 -> OnlinePartition, __consumer_offsets-8 -> OnlinePartition, __consumer_offsets-37 -> OnlinePartition, __consumer_offsets-4 -> OnlinePartition, __consumer_offsets-33 -> OnlinePartition, __consumer_offsets-15 -> OnlinePartition, __consumer_offsets-48 -> OnlinePartition, __consumer_offsets-11 -> OnlinePartition, __consumer_offsets-44 -> OnlinePartition, healthgben-0 -> OnlinePartition, __consumer_offsets-23 -> OnlinePartition, __consumer_offsets-19 -> OnlinePartition, __consumer_offsets-32 -> OnlinePartition, __consumer_offsets-28 -> OnlinePartition, __consumer_offsets-7 -> OnlinePartition, __consumer_offsets-40 -> OnlinePartition, __consumer_offsets-3 -> OnlinePartition, __consumer_offsets-36 -> OnlinePartition, __consumer_offsets-47 -> OnlinePartition, __consumer_offsets-14 -> OnlinePartition, __consumer_offsets-43 -> OnlinePartition, technologygben-0 -> OnlinePartition, __consumer_offsets-10 -> OnlinePartition, __consumer_offsets-22 -> OnlinePartition, __consumer_offsets-18 -> OnlinePartition, __consumer_offsets-31 -> OnlinePartition, __consumer_offsets-27 -> OnlinePartition, __consumer_offsets-39 -> OnlinePartition, __consumer_offsets-6 -> OnlinePartition, __consumer_offsets-35 -> OnlinePartition, __consumer_offsets-2 -> OnlinePartition) (kafka.controller.ZkPartitionStateMachine)
[2021-04-07 22:19:38,033] INFO [Controller id=0] Ready to serve as the new controller with epoch 2 (kafka.controller.KafkaController)
[2021-04-07 22:19:38,037] INFO [Controller id=0] Partitions undergoing preferred replica election:  (kafka.controller.KafkaController)
[2021-04-07 22:19:38,037] INFO [Controller id=0] Partitions that completed preferred replica election:  (kafka.controller.KafkaController)
[2021-04-07 22:19:38,037] INFO [Controller id=0] Skipping preferred replica election for partitions due to topic deletion:  (kafka.controller.KafkaController)
[2021-04-07 22:19:38,037] INFO [Controller id=0] Resuming preferred replica election for partitions:  (kafka.controller.KafkaController)
[2021-04-07 22:19:38,039] INFO [Controller id=0] Starting replica leader election (PREFERRED) for partitions  triggered by ZkTriggered (kafka.controller.KafkaController)
[2021-04-07 22:19:38,052] INFO [Controller id=0] Starting the controller scheduler (kafka.controller.KafkaController)
[2021-04-07 22:19:43,057] INFO [Controller id=0] Processing automatic preferred replica leader election (kafka.controller.KafkaController)
[2021-04-07 22:19:43,058] TRACE [Controller id=0] Checking need to trigger auto leader balancing (kafka.controller.KafkaController)
[2021-04-07 22:19:43,060] DEBUG [Controller id=0] Topics not in preferred replica for broker 0 HashMap() (kafka.controller.KafkaController)
[2021-04-07 22:19:43,061] TRACE [Controller id=0] Leader imbalance ratio for broker 0 is 0.0 (kafka.controller.KafkaController)
[2021-04-07 22:24:43,076] INFO [Controller id=0] Processing automatic preferred replica leader election (kafka.controller.KafkaController)
[2021-04-07 22:24:43,077] TRACE [Controller id=0] Checking need to trigger auto leader balancing (kafka.controller.KafkaController)
[2021-04-07 22:24:43,078] DEBUG [Controller id=0] Topics not in preferred replica for broker 0 HashMap() (kafka.controller.KafkaController)
[2021-04-07 22:24:43,078] TRACE [Controller id=0] Leader imbalance ratio for broker 0 is 0.0 (kafka.controller.KafkaController)
[2021-04-07 22:29:43,094] INFO [Controller id=0] Processing automatic preferred replica leader election (kafka.controller.KafkaController)
[2021-04-07 22:29:43,094] TRACE [Controller id=0] Checking need to trigger auto leader balancing (kafka.controller.KafkaController)
[2021-04-07 22:29:43,095] DEBUG [Controller id=0] Topics not in preferred replica for broker 0 HashMap() (kafka.controller.KafkaController)
[2021-04-07 22:29:43,095] TRACE [Controller id=0] Leader imbalance ratio for broker 0 is 0.0 (kafka.controller.KafkaController)
[2021-04-07 22:34:43,104] INFO [Controller id=0] Processing automatic preferred replica leader election (kafka.controller.KafkaController)
[2021-04-07 22:34:43,104] TRACE [Controller id=0] Checking need to trigger auto leader balancing (kafka.controller.KafkaController)
[2021-04-07 22:34:43,105] DEBUG [Controller id=0] Topics not in preferred replica for broker 0 HashMap() (kafka.controller.KafkaController)
[2021-04-07 22:34:43,105] TRACE [Controller id=0] Leader imbalance ratio for broker 0 is 0.0 (kafka.controller.KafkaController)
[2021-04-07 22:39:43,111] INFO [Controller id=0] Processing automatic preferred replica leader election (kafka.controller.KafkaController)
[2021-04-07 22:39:43,111] TRACE [Controller id=0] Checking need to trigger auto leader balancing (kafka.controller.KafkaController)
[2021-04-07 22:39:43,112] DEBUG [Controller id=0] Topics not in preferred replica for broker 0 HashMap() (kafka.controller.KafkaController)
[2021-04-07 22:39:43,112] TRACE [Controller id=0] Leader imbalance ratio for broker 0 is 0.0 (kafka.controller.KafkaController)
[2021-04-07 22:44:43,113] INFO [Controller id=0] Processing automatic preferred replica leader election (kafka.controller.KafkaController)
[2021-04-07 22:44:43,113] TRACE [Controller id=0] Checking need to trigger auto leader balancing (kafka.controller.KafkaController)
[2021-04-07 22:44:43,114] DEBUG [Controller id=0] Topics not in preferred replica for broker 0 HashMap() (kafka.controller.KafkaController)
[2021-04-07 22:44:43,114] TRACE [Controller id=0] Leader imbalance ratio for broker 0 is 0.0 (kafka.controller.KafkaController)
[2021-04-07 22:49:43,127] INFO [Controller id=0] Processing automatic preferred replica leader election (kafka.controller.KafkaController)
[2021-04-07 22:49:43,127] TRACE [Controller id=0] Checking need to trigger auto leader balancing (kafka.controller.KafkaController)
[2021-04-07 22:49:43,127] DEBUG [Controller id=0] Topics not in preferred replica for broker 0 HashMap() (kafka.controller.KafkaController)
[2021-04-07 22:49:43,127] TRACE [Controller id=0] Leader imbalance ratio for broker 0 is 0.0 (kafka.controller.KafkaController)
[2021-04-07 22:51:10,029] INFO [Controller id=0] New topics: [HashSet(sciencegben)], deleted topics: [HashSet()], new partition replica assignment [Map(sciencegben-0 -> ReplicaAssignment(replicas=0, addingReplicas=, removingReplicas=))] (kafka.controller.KafkaController)
[2021-04-07 22:51:10,030] INFO [Controller id=0] New partition creation callback for sciencegben-0 (kafka.controller.KafkaController)
[2021-04-07 22:51:10,046] INFO [RequestSendThread controllerId=0] Controller 0 connected to 192.168.99.1:9092 (id: 0 rack: null) for sending state change requests (kafka.controller.RequestSendThread)
[2021-04-07 22:54:43,132] INFO [Controller id=0] Processing automatic preferred replica leader election (kafka.controller.KafkaController)
[2021-04-07 22:54:43,132] TRACE [Controller id=0] Checking need to trigger auto leader balancing (kafka.controller.KafkaController)
[2021-04-07 22:54:43,132] DEBUG [Controller id=0] Topics not in preferred replica for broker 0 HashMap() (kafka.controller.KafkaController)
[2021-04-07 22:54:43,132] TRACE [Controller id=0] Leader imbalance ratio for broker 0 is 0.0 (kafka.controller.KafkaController)
[2021-04-07 22:56:01,980] INFO [Controller id=0] New topics: [HashSet(generalgben)], deleted topics: [HashSet()], new partition replica assignment [Map(generalgben-0 -> ReplicaAssignment(replicas=0, addingReplicas=, removingReplicas=))] (kafka.controller.KafkaController)
[2021-04-07 22:56:01,980] INFO [Controller id=0] New partition creation callback for generalgben-0 (kafka.controller.KafkaController)
[2021-04-07 22:57:17,939] INFO [Controller id=0] New topics: [HashSet(sportsse)], deleted topics: [HashSet()], new partition replica assignment [Map(sportsse-0 -> ReplicaAssignment(replicas=0, addingReplicas=, removingReplicas=))] (kafka.controller.KafkaController)
[2021-04-07 22:57:17,939] INFO [Controller id=0] New partition creation callback for sportsse-0 (kafka.controller.KafkaController)
[2021-04-07 22:57:18,271] INFO [Controller id=0] New topics: [HashSet(healthse)], deleted topics: [HashSet()], new partition replica assignment [Map(healthse-0 -> ReplicaAssignment(replicas=0, addingReplicas=, removingReplicas=))] (kafka.controller.KafkaController)
[2021-04-07 22:57:18,271] INFO [Controller id=0] New partition creation callback for healthse-0 (kafka.controller.KafkaController)
[2021-04-07 22:57:19,086] INFO [Controller id=0] New topics: [HashSet(generalse)], deleted topics: [HashSet()], new partition replica assignment [Map(generalse-0 -> ReplicaAssignment(replicas=0, addingReplicas=, removingReplicas=))] (kafka.controller.KafkaController)
[2021-04-07 22:57:19,086] INFO [Controller id=0] New partition creation callback for generalse-0 (kafka.controller.KafkaController)
[2021-04-07 22:57:19,951] INFO [Controller id=0] New topics: [HashSet(businessse)], deleted topics: [HashSet()], new partition replica assignment [Map(businessse-0 -> ReplicaAssignment(replicas=0, addingReplicas=, removingReplicas=))] (kafka.controller.KafkaController)
[2021-04-07 22:57:19,951] INFO [Controller id=0] New partition creation callback for businessse-0 (kafka.controller.KafkaController)
[2021-04-07 22:57:20,869] INFO [Controller id=0] New topics: [HashSet(technologyse)], deleted topics: [HashSet()], new partition replica assignment [Map(technologyse-0 -> ReplicaAssignment(replicas=0, addingReplicas=, removingReplicas=))] (kafka.controller.KafkaController)
[2021-04-07 22:57:20,869] INFO [Controller id=0] New partition creation callback for technologyse-0 (kafka.controller.KafkaController)
[2021-04-07 22:57:21,624] INFO [Controller id=0] New topics: [HashSet(sciencese)], deleted topics: [HashSet()], new partition replica assignment [Map(sciencese-0 -> ReplicaAssignment(replicas=0, addingReplicas=, removingReplicas=))] (kafka.controller.KafkaController)
[2021-04-07 22:57:21,624] INFO [Controller id=0] New partition creation callback for sciencese-0 (kafka.controller.KafkaController)
[2021-04-07 22:57:22,402] INFO [Controller id=0] New topics: [HashSet(entertainmentse)], deleted topics: [HashSet()], new partition replica assignment [Map(entertainmentse-0 -> ReplicaAssignment(replicas=0, addingReplicas=, removingReplicas=))] (kafka.controller.KafkaController)
[2021-04-07 22:57:22,402] INFO [Controller id=0] New partition creation callback for entertainmentse-0 (kafka.controller.KafkaController)
[2021-04-07 22:58:52,222] INFO [Controller id=0] New topics: [HashSet(generalua)], deleted topics: [HashSet()], new partition replica assignment [Map(generalua-0 -> ReplicaAssignment(replicas=0, addingReplicas=, removingReplicas=))] (kafka.controller.KafkaController)
[2021-04-07 22:58:52,222] INFO [Controller id=0] New partition creation callback for generalua-0 (kafka.controller.KafkaController)
[2021-04-07 22:58:52,591] INFO [Controller id=0] New topics: [HashSet(sportsua)], deleted topics: [HashSet()], new partition replica assignment [Map(sportsua-0 -> ReplicaAssignment(replicas=0, addingReplicas=, removingReplicas=))] (kafka.controller.KafkaController)
[2021-04-07 22:58:52,591] INFO [Controller id=0] New partition creation callback for sportsua-0 (kafka.controller.KafkaController)
[2021-04-07 22:58:53,272] INFO [Controller id=0] New topics: [HashSet(healthua)], deleted topics: [HashSet()], new partition replica assignment [Map(healthua-0 -> ReplicaAssignment(replicas=0, addingReplicas=, removingReplicas=))] (kafka.controller.KafkaController)
[2021-04-07 22:58:53,272] INFO [Controller id=0] New partition creation callback for healthua-0 (kafka.controller.KafkaController)
[2021-04-07 22:58:53,592] INFO [Controller id=0] New topics: [HashSet(businessua)], deleted topics: [HashSet()], new partition replica assignment [Map(businessua-0 -> ReplicaAssignment(replicas=0, addingReplicas=, removingReplicas=))] (kafka.controller.KafkaController)
[2021-04-07 22:58:53,592] INFO [Controller id=0] New partition creation callback for businessua-0 (kafka.controller.KafkaController)
[2021-04-07 22:58:53,968] INFO [Controller id=0] New topics: [HashSet(technologyua)], deleted topics: [HashSet()], new partition replica assignment [Map(technologyua-0 -> ReplicaAssignment(replicas=0, addingReplicas=, removingReplicas=))] (kafka.controller.KafkaController)
[2021-04-07 22:58:53,968] INFO [Controller id=0] New partition creation callback for technologyua-0 (kafka.controller.KafkaController)
[2021-04-07 22:58:54,328] INFO [Controller id=0] New topics: [HashSet(scienceua)], deleted topics: [HashSet()], new partition replica assignment [Map(scienceua-0 -> ReplicaAssignment(replicas=0, addingReplicas=, removingReplicas=))] (kafka.controller.KafkaController)
[2021-04-07 22:58:54,328] INFO [Controller id=0] New partition creation callback for scienceua-0 (kafka.controller.KafkaController)
[2021-04-07 22:58:54,724] INFO [Controller id=0] New topics: [HashSet(entertainmentua)], deleted topics: [HashSet()], new partition replica assignment [Map(entertainmentua-0 -> ReplicaAssignment(replicas=0, addingReplicas=, removingReplicas=))] (kafka.controller.KafkaController)
[2021-04-07 22:58:54,724] INFO [Controller id=0] New partition creation callback for entertainmentua-0 (kafka.controller.KafkaController)
[2021-04-07 22:59:43,142] INFO [Controller id=0] Processing automatic preferred replica leader election (kafka.controller.KafkaController)
[2021-04-07 22:59:43,142] TRACE [Controller id=0] Checking need to trigger auto leader balancing (kafka.controller.KafkaController)
[2021-04-07 22:59:43,142] DEBUG [Controller id=0] Topics not in preferred replica for broker 0 HashMap() (kafka.controller.KafkaController)
[2021-04-07 22:59:43,142] TRACE [Controller id=0] Leader imbalance ratio for broker 0 is 0.0 (kafka.controller.KafkaController)
[2021-04-07 23:02:10,948] INFO [Controller id=0] New topics: [HashSet(generalve)], deleted topics: [HashSet()], new partition replica assignment [Map(generalve-0 -> ReplicaAssignment(replicas=0, addingReplicas=, removingReplicas=))] (kafka.controller.KafkaController)
[2021-04-07 23:02:10,949] INFO [Controller id=0] New partition creation callback for generalve-0 (kafka.controller.KafkaController)
[2021-04-07 23:02:21,842] INFO [Controller id=0] New topics: [HashSet(sportsve)], deleted topics: [HashSet()], new partition replica assignment [Map(sportsve-0 -> ReplicaAssignment(replicas=0, addingReplicas=, removingReplicas=))] (kafka.controller.KafkaController)
[2021-04-07 23:02:21,842] INFO [Controller id=0] New partition creation callback for sportsve-0 (kafka.controller.KafkaController)
[2021-04-07 23:02:32,655] INFO [Controller id=0] New topics: [HashSet(healthve)], deleted topics: [HashSet()], new partition replica assignment [Map(healthve-0 -> ReplicaAssignment(replicas=0, addingReplicas=, removingReplicas=))] (kafka.controller.KafkaController)
[2021-04-07 23:02:32,655] INFO [Controller id=0] New partition creation callback for healthve-0 (kafka.controller.KafkaController)
[2021-04-07 23:02:43,000] INFO [Controller id=0] New topics: [HashSet(businessve)], deleted topics: [HashSet()], new partition replica assignment [Map(businessve-0 -> ReplicaAssignment(replicas=0, addingReplicas=, removingReplicas=))] (kafka.controller.KafkaController)
[2021-04-07 23:02:43,000] INFO [Controller id=0] New partition creation callback for businessve-0 (kafka.controller.KafkaController)
[2021-04-07 23:02:47,087] INFO [Controller id=0] New topics: [HashSet(technologyve)], deleted topics: [HashSet()], new partition replica assignment [Map(technologyve-0 -> ReplicaAssignment(replicas=0, addingReplicas=, removingReplicas=))] (kafka.controller.KafkaController)
[2021-04-07 23:02:47,087] INFO [Controller id=0] New partition creation callback for technologyve-0 (kafka.controller.KafkaController)
[2021-04-07 23:02:53,779] INFO [Controller id=0] New topics: [HashSet(scienceve)], deleted topics: [HashSet()], new partition replica assignment [Map(scienceve-0 -> ReplicaAssignment(replicas=0, addingReplicas=, removingReplicas=))] (kafka.controller.KafkaController)
[2021-04-07 23:02:53,779] INFO [Controller id=0] New partition creation callback for scienceve-0 (kafka.controller.KafkaController)
[2021-04-07 23:02:57,832] INFO [Controller id=0] New topics: [HashSet(entertainmentve)], deleted topics: [HashSet()], new partition replica assignment [Map(entertainmentve-0 -> ReplicaAssignment(replicas=0, addingReplicas=, removingReplicas=))] (kafka.controller.KafkaController)
[2021-04-07 23:02:57,832] INFO [Controller id=0] New partition creation callback for entertainmentve-0 (kafka.controller.KafkaController)
[2021-04-07 23:04:19,606] INFO [Controller id=0] New topics: [HashSet(generalae)], deleted topics: [HashSet()], new partition replica assignment [Map(generalae-0 -> ReplicaAssignment(replicas=0, addingReplicas=, removingReplicas=))] (kafka.controller.KafkaController)
[2021-04-07 23:04:19,606] INFO [Controller id=0] New partition creation callback for generalae-0 (kafka.controller.KafkaController)
[2021-04-07 23:04:30,002] INFO [Controller id=0] New topics: [HashSet(sportsae)], deleted topics: [HashSet()], new partition replica assignment [Map(sportsae-0 -> ReplicaAssignment(replicas=0, addingReplicas=, removingReplicas=))] (kafka.controller.KafkaController)
[2021-04-07 23:04:30,002] INFO [Controller id=0] New partition creation callback for sportsae-0 (kafka.controller.KafkaController)
[2021-04-07 23:04:40,824] INFO [Controller id=0] New topics: [HashSet(healthae)], deleted topics: [HashSet()], new partition replica assignment [Map(healthae-0 -> ReplicaAssignment(replicas=0, addingReplicas=, removingReplicas=))] (kafka.controller.KafkaController)
[2021-04-07 23:04:40,824] INFO [Controller id=0] New partition creation callback for healthae-0 (kafka.controller.KafkaController)
[2021-04-07 23:04:43,150] INFO [Controller id=0] Processing automatic preferred replica leader election (kafka.controller.KafkaController)
[2021-04-07 23:04:43,150] TRACE [Controller id=0] Checking need to trigger auto leader balancing (kafka.controller.KafkaController)
[2021-04-07 23:04:43,150] DEBUG [Controller id=0] Topics not in preferred replica for broker 0 HashMap() (kafka.controller.KafkaController)
[2021-04-07 23:04:43,150] TRACE [Controller id=0] Leader imbalance ratio for broker 0 is 0.0 (kafka.controller.KafkaController)
[2021-04-07 23:04:51,619] INFO [Controller id=0] New topics: [HashSet(businessae)], deleted topics: [HashSet()], new partition replica assignment [Map(businessae-0 -> ReplicaAssignment(replicas=0, addingReplicas=, removingReplicas=))] (kafka.controller.KafkaController)
[2021-04-07 23:04:51,619] INFO [Controller id=0] New partition creation callback for businessae-0 (kafka.controller.KafkaController)
[2021-04-07 23:04:54,679] INFO [Controller id=0] New topics: [HashSet(technologyae)], deleted topics: [HashSet()], new partition replica assignment [Map(technologyae-0 -> ReplicaAssignment(replicas=0, addingReplicas=, removingReplicas=))] (kafka.controller.KafkaController)
[2021-04-07 23:04:54,679] INFO [Controller id=0] New partition creation callback for technologyae-0 (kafka.controller.KafkaController)
[2021-04-07 23:05:01,996] INFO [Controller id=0] New topics: [HashSet(scienceae)], deleted topics: [HashSet()], new partition replica assignment [Map(scienceae-0 -> ReplicaAssignment(replicas=0, addingReplicas=, removingReplicas=))] (kafka.controller.KafkaController)
[2021-04-07 23:05:01,996] INFO [Controller id=0] New partition creation callback for scienceae-0 (kafka.controller.KafkaController)
[2021-04-07 23:05:05,086] INFO [Controller id=0] New topics: [HashSet(entertainmentae)], deleted topics: [HashSet()], new partition replica assignment [Map(entertainmentae-0 -> ReplicaAssignment(replicas=0, addingReplicas=, removingReplicas=))] (kafka.controller.KafkaController)
[2021-04-07 23:05:05,086] INFO [Controller id=0] New partition creation callback for entertainmentae-0 (kafka.controller.KafkaController)
[2021-04-07 23:09:43,160] INFO [Controller id=0] Processing automatic preferred replica leader election (kafka.controller.KafkaController)
[2021-04-07 23:09:43,160] TRACE [Controller id=0] Checking need to trigger auto leader balancing (kafka.controller.KafkaController)
[2021-04-07 23:09:43,161] DEBUG [Controller id=0] Topics not in preferred replica for broker 0 HashMap() (kafka.controller.KafkaController)
[2021-04-07 23:09:43,161] TRACE [Controller id=0] Leader imbalance ratio for broker 0 is 0.0 (kafka.controller.KafkaController)
[2021-04-07 23:10:47,543] INFO [Controller id=0] New topics: [HashSet(sportsch)], deleted topics: [HashSet()], new partition replica assignment [Map(sportsch-0 -> ReplicaAssignment(replicas=0, addingReplicas=, removingReplicas=))] (kafka.controller.KafkaController)
[2021-04-07 23:10:47,543] INFO [Controller id=0] New partition creation callback for sportsch-0 (kafka.controller.KafkaController)
[2021-04-07 23:11:19,079] INFO [Controller id=0] New topics: [HashSet(technologygbru)], deleted topics: [HashSet()], new partition replica assignment [Map(technologygbru-0 -> ReplicaAssignment(replicas=0, addingReplicas=, removingReplicas=))] (kafka.controller.KafkaController)
[2021-04-07 23:11:19,079] INFO [Controller id=0] New partition creation callback for technologygbru-0 (kafka.controller.KafkaController)
[2021-04-07 23:11:19,392] INFO [Controller id=0] New topics: [HashSet(entertainmentgbru)], deleted topics: [HashSet()], new partition replica assignment [Map(entertainmentgbru-0 -> ReplicaAssignment(replicas=0, addingReplicas=, removingReplicas=))] (kafka.controller.KafkaController)
[2021-04-07 23:11:19,392] INFO [Controller id=0] New partition creation callback for entertainmentgbru-0 (kafka.controller.KafkaController)
[2021-04-07 23:12:03,520] INFO [Controller id=0] New topics: [HashSet(entertainmenten)], deleted topics: [HashSet()], new partition replica assignment [Map(entertainmenten-0 -> ReplicaAssignment(replicas=0, addingReplicas=, removingReplicas=))] (kafka.controller.KafkaController)
[2021-04-07 23:12:03,520] INFO [Controller id=0] New partition creation callback for entertainmenten-0 (kafka.controller.KafkaController)
[2021-04-07 23:12:04,249] INFO [Controller id=0] New topics: [HashSet(technologyen)], deleted topics: [HashSet()], new partition replica assignment [Map(technologyen-0 -> ReplicaAssignment(replicas=0, addingReplicas=, removingReplicas=))] (kafka.controller.KafkaController)
[2021-04-07 23:12:04,249] INFO [Controller id=0] New partition creation callback for technologyen-0 (kafka.controller.KafkaController)
[2021-04-07 23:12:32,831] INFO [Controller id=0] New topics: [HashSet(generalrs)], deleted topics: [HashSet()], new partition replica assignment [Map(generalrs-0 -> ReplicaAssignment(replicas=0, addingReplicas=, removingReplicas=))] (kafka.controller.KafkaController)
[2021-04-07 23:12:32,831] INFO [Controller id=0] New partition creation callback for generalrs-0 (kafka.controller.KafkaController)
[2021-04-07 23:12:33,209] INFO [Controller id=0] New topics: [HashSet(sportsrs)], deleted topics: [HashSet()], new partition replica assignment [Map(sportsrs-0 -> ReplicaAssignment(replicas=0, addingReplicas=, removingReplicas=))] (kafka.controller.KafkaController)
[2021-04-07 23:12:33,209] INFO [Controller id=0] New partition creation callback for sportsrs-0 (kafka.controller.KafkaController)
[2021-04-07 23:12:33,590] INFO [Controller id=0] New topics: [HashSet(healthrs)], deleted topics: [HashSet()], new partition replica assignment [Map(healthrs-0 -> ReplicaAssignment(replicas=0, addingReplicas=, removingReplicas=))] (kafka.controller.KafkaController)
[2021-04-07 23:12:33,590] INFO [Controller id=0] New partition creation callback for healthrs-0 (kafka.controller.KafkaController)
[2021-04-07 23:12:33,935] INFO [Controller id=0] New topics: [HashSet(sciencers)], deleted topics: [HashSet()], new partition replica assignment [Map(sciencers-0 -> ReplicaAssignment(replicas=0, addingReplicas=, removingReplicas=))] (kafka.controller.KafkaController)
[2021-04-07 23:12:33,935] INFO [Controller id=0] New partition creation callback for sciencers-0 (kafka.controller.KafkaController)
[2021-04-07 23:12:34,288] INFO [Controller id=0] New topics: [HashSet(technologyrs)], deleted topics: [HashSet()], new partition replica assignment [Map(technologyrs-0 -> ReplicaAssignment(replicas=0, addingReplicas=, removingReplicas=))] (kafka.controller.KafkaController)
[2021-04-07 23:12:34,288] INFO [Controller id=0] New partition creation callback for technologyrs-0 (kafka.controller.KafkaController)
[2021-04-07 23:12:34,639] INFO [Controller id=0] New topics: [HashSet(businessrs)], deleted topics: [HashSet()], new partition replica assignment [Map(businessrs-0 -> ReplicaAssignment(replicas=0, addingReplicas=, removingReplicas=))] (kafka.controller.KafkaController)
[2021-04-07 23:12:34,639] INFO [Controller id=0] New partition creation callback for businessrs-0 (kafka.controller.KafkaController)
[2021-04-07 23:12:34,961] INFO [Controller id=0] New topics: [HashSet(entertainmentrs)], deleted topics: [HashSet()], new partition replica assignment [Map(entertainmentrs-0 -> ReplicaAssignment(replicas=0, addingReplicas=, removingReplicas=))] (kafka.controller.KafkaController)
[2021-04-07 23:12:34,961] INFO [Controller id=0] New partition creation callback for entertainmentrs-0 (kafka.controller.KafkaController)
[2021-04-07 23:14:43,169] INFO [Controller id=0] Processing automatic preferred replica leader election (kafka.controller.KafkaController)
[2021-04-07 23:14:43,169] TRACE [Controller id=0] Checking need to trigger auto leader balancing (kafka.controller.KafkaController)
[2021-04-07 23:14:43,170] DEBUG [Controller id=0] Topics not in preferred replica for broker 0 HashMap() (kafka.controller.KafkaController)
[2021-04-07 23:14:43,170] TRACE [Controller id=0] Leader imbalance ratio for broker 0 is 0.0 (kafka.controller.KafkaController)
[2021-04-07 23:19:43,173] INFO [Controller id=0] Processing automatic preferred replica leader election (kafka.controller.KafkaController)
[2021-04-07 23:19:43,173] TRACE [Controller id=0] Checking need to trigger auto leader balancing (kafka.controller.KafkaController)
[2021-04-07 23:19:43,174] DEBUG [Controller id=0] Topics not in preferred replica for broker 0 HashMap() (kafka.controller.KafkaController)
[2021-04-07 23:19:43,174] TRACE [Controller id=0] Leader imbalance ratio for broker 0 is 0.0 (kafka.controller.KafkaController)
[2021-04-07 23:24:43,175] INFO [Controller id=0] Processing automatic preferred replica leader election (kafka.controller.KafkaController)
[2021-04-07 23:24:43,175] TRACE [Controller id=0] Checking need to trigger auto leader balancing (kafka.controller.KafkaController)
[2021-04-07 23:24:43,175] DEBUG [Controller id=0] Topics not in preferred replica for broker 0 HashMap() (kafka.controller.KafkaController)
[2021-04-07 23:24:43,175] TRACE [Controller id=0] Leader imbalance ratio for broker 0 is 0.0 (kafka.controller.KafkaController)
[2021-04-07 23:29:43,176] INFO [Controller id=0] Processing automatic preferred replica leader election (kafka.controller.KafkaController)
[2021-04-07 23:29:43,176] TRACE [Controller id=0] Checking need to trigger auto leader balancing (kafka.controller.KafkaController)
[2021-04-07 23:29:43,176] DEBUG [Controller id=0] Topics not in preferred replica for broker 0 HashMap() (kafka.controller.KafkaController)
[2021-04-07 23:29:43,176] TRACE [Controller id=0] Leader imbalance ratio for broker 0 is 0.0 (kafka.controller.KafkaController)
[2021-04-07 23:34:43,191] INFO [Controller id=0] Processing automatic preferred replica leader election (kafka.controller.KafkaController)
[2021-04-07 23:34:43,191] TRACE [Controller id=0] Checking need to trigger auto leader balancing (kafka.controller.KafkaController)
[2021-04-07 23:34:43,191] DEBUG [Controller id=0] Topics not in preferred replica for broker 0 HashMap() (kafka.controller.KafkaController)
[2021-04-07 23:34:43,191] TRACE [Controller id=0] Leader imbalance ratio for broker 0 is 0.0 (kafka.controller.KafkaController)
[2021-04-07 23:36:03,782] DEBUG preRegister called. Server=com.sun.jmx.mbeanserver.JmxMBeanServer@483bf400, name=log4j:logger=kafka.controller (kafka.controller)
[2021-04-07 23:36:32,578] INFO [ControllerEventThread controllerId=0] Starting (kafka.controller.ControllerEventManager$ControllerEventThread)
[2021-04-07 23:36:32,597] INFO [Controller id=0] 0 successfully elected as the controller. Epoch incremented to 3 and epoch zk version is now 3 (kafka.controller.KafkaController)
[2021-04-07 23:36:32,598] INFO [Controller id=0] Registering handlers (kafka.controller.KafkaController)
[2021-04-07 23:36:32,601] INFO [Controller id=0] Deleting log dir event notifications (kafka.controller.KafkaController)
[2021-04-07 23:36:32,603] INFO [Controller id=0] Deleting isr change notifications (kafka.controller.KafkaController)
[2021-04-07 23:36:32,605] INFO [Controller id=0] Initializing controller context (kafka.controller.KafkaController)
[2021-04-07 23:36:32,611] INFO [Controller id=0] Initialized broker epochs cache: HashMap(0 -> 530) (kafka.controller.KafkaController)
[2021-04-07 23:36:32,630] DEBUG [Controller id=0] Register BrokerModifications handler for Set(0) (kafka.controller.KafkaController)
[2021-04-07 23:36:32,660] DEBUG [Channel manager on controller 0]: Controller 0 trying to connect to broker 0 (kafka.controller.ControllerChannelManager)
[2021-04-07 23:36:32,666] INFO [RequestSendThread controllerId=0] Starting (kafka.controller.RequestSendThread)
[2021-04-07 23:36:32,668] INFO [Controller id=0] Currently active brokers in the cluster: Set(0) (kafka.controller.KafkaController)
[2021-04-07 23:36:32,668] INFO [Controller id=0] Currently shutting brokers in the cluster: HashSet() (kafka.controller.KafkaController)
[2021-04-07 23:36:32,668] INFO [Controller id=0] Current list of topics in the cluster: HashSet(sciencegben, technologyua, healthgben, sportsua, generalve, healthua, generalae, businessae, technologygbru, businessve, generalse, technologyve, entertainmentrs, sportsae, technologygben, scienceua, sportsve, technologyae, technologyen, entertainmentse, generalrs, businessua, technologyse, entertainmentgbru, scienceve, generalgben, sportsrs, entertainmentae, sportsgben, healthse, sportsse, technologyrs, entertainmenten, entertainmentve, scienceae, healthrs, sciencese, businessse, sportsch, businessgben, generalua, entertainmentgben, businessrs, sciencers, healthve, healthae, technologygb, __consumer_offsets, entertainmentua) (kafka.controller.KafkaController)
[2021-04-07 23:36:32,668] INFO [Controller id=0] Fetching topic deletions in progress (kafka.controller.KafkaController)
[2021-04-07 23:36:32,674] INFO [Controller id=0] List of topics to be deleted:  (kafka.controller.KafkaController)
[2021-04-07 23:36:32,674] INFO [Controller id=0] List of topics ineligible for deletion:  (kafka.controller.KafkaController)
[2021-04-07 23:36:32,674] INFO [Controller id=0] Initializing topic deletion manager (kafka.controller.KafkaController)
[2021-04-07 23:36:32,674] INFO [Topic Deletion Manager 0] Initializing manager with initial deletions: Set(), initial ineligible deletions: HashSet() (kafka.controller.TopicDeletionManager)
[2021-04-07 23:36:32,675] INFO [Controller id=0] Sending update metadata request (kafka.controller.KafkaController)
[2021-04-07 23:36:32,683] INFO [ReplicaStateMachine controllerId=0] Initializing replica state (kafka.controller.ZkReplicaStateMachine)
[2021-04-07 23:36:32,690] INFO [ReplicaStateMachine controllerId=0] Triggering online replica state changes (kafka.controller.ZkReplicaStateMachine)
[2021-04-07 23:36:32,690] INFO [RequestSendThread controllerId=0] Controller 0 connected to 192.168.99.1:9092 (id: 0 rack: null) for sending state change requests (kafka.controller.RequestSendThread)
[2021-04-07 23:36:32,712] INFO [ReplicaStateMachine controllerId=0] Triggering offline replica state changes (kafka.controller.ZkReplicaStateMachine)
[2021-04-07 23:36:32,712] DEBUG [ReplicaStateMachine controllerId=0] Started replica state machine with initial state -> HashMap([Topic=__consumer_offsets,Partition=27,Replica=0] -> OnlineReplica, [Topic=sportsch,Partition=0,Replica=0] -> OnlineReplica, [Topic=__consumer_offsets,Partition=49,Replica=0] -> OnlineReplica, [Topic=__consumer_offsets,Partition=47,Replica=0] -> OnlineReplica, [Topic=__consumer_offsets,Partition=8,Replica=0] -> OnlineReplica, [Topic=technologygbru,Partition=0,Replica=0] -> OnlineReplica, [Topic=__consumer_offsets,Partition=14,Replica=0] -> OnlineReplica, [Topic=__consumer_offsets,Partition=36,Replica=0] -> OnlineReplica, [Topic=businessse,Partition=0,Replica=0] -> OnlineReplica, [Topic=businessua,Partition=0,Replica=0] -> OnlineReplica, [Topic=__consumer_offsets,Partition=42,Replica=0] -> OnlineReplica, [Topic=__consumer_offsets,Partition=45,Replica=0] -> OnlineReplica, [Topic=__consumer_offsets,Partition=32,Replica=0] -> OnlineReplica, [Topic=sportsve,Partition=0,Replica=0] -> OnlineReplica, [Topic=__consumer_offsets,Partition=9,Replica=0] -> OnlineReplica, [Topic=entertainmentrs,Partition=0,Replica=0] -> OnlineReplica, [Topic=sciencegben,Partition=0,Replica=0] -> OnlineReplica, [Topic=__consumer_offsets,Partition=39,Replica=0] -> OnlineReplica, [Topic=__consumer_offsets,Partition=38,Replica=0] -> OnlineReplica, [Topic=__consumer_offsets,Partition=23,Replica=0] -> OnlineReplica, [Topic=technologyen,Partition=0,Replica=0] -> OnlineReplica, [Topic=businessgben,Partition=0,Replica=0] -> OnlineReplica, [Topic=sciencese,Partition=0,Replica=0] -> OnlineReplica, [Topic=technologyua,Partition=0,Replica=0] -> OnlineReplica, [Topic=generalse,Partition=0,Replica=0] -> OnlineReplica, [Topic=sciencers,Partition=0,Replica=0] -> OnlineReplica, [Topic=__consumer_offsets,Partition=37,Replica=0] -> OnlineReplica, [Topic=technologyrs,Partition=0,Replica=0] -> OnlineReplica, [Topic=__consumer_offsets,Partition=10,Replica=0] -> OnlineReplica, [Topic=sportsse,Partition=0,Replica=0] -> OnlineReplica, [Topic=entertainmenten,Partition=0,Replica=0] -> OnlineReplica, [Topic=technologyve,Partition=0,Replica=0] -> OnlineReplica, [Topic=__consumer_offsets,Partition=15,Replica=0] -> OnlineReplica, [Topic=sportsrs,Partition=0,Replica=0] -> OnlineReplica, [Topic=sportsua,Partition=0,Replica=0] -> OnlineReplica, [Topic=scienceae,Partition=0,Replica=0] -> OnlineReplica, [Topic=__consumer_offsets,Partition=31,Replica=0] -> OnlineReplica, [Topic=__consumer_offsets,Partition=28,Replica=0] -> OnlineReplica, [Topic=__consumer_offsets,Partition=26,Replica=0] -> OnlineReplica, [Topic=__consumer_offsets,Partition=2,Replica=0] -> OnlineReplica, [Topic=__consumer_offsets,Partition=33,Replica=0] -> OnlineReplica, [Topic=__consumer_offsets,Partition=13,Replica=0] -> OnlineReplica, [Topic=__consumer_offsets,Partition=35,Replica=0] -> OnlineReplica, [Topic=scienceua,Partition=0,Replica=0] -> OnlineReplica, [Topic=businessae,Partition=0,Replica=0] -> OnlineReplica, [Topic=__consumer_offsets,Partition=40,Replica=0] -> OnlineReplica, [Topic=entertainmentgben,Partition=0,Replica=0] -> OnlineReplica, [Topic=healthse,Partition=0,Replica=0] -> OnlineReplica, [Topic=entertainmentgbru,Partition=0,Replica=0] -> OnlineReplica, [Topic=__consumer_offsets,Partition=3,Replica=0] -> OnlineReplica, [Topic=__consumer_offsets,Partition=18,Replica=0] -> OnlineReplica, [Topic=technologyae,Partition=0,Replica=0] -> OnlineReplica, [Topic=__consumer_offsets,Partition=44,Replica=0] -> OnlineReplica, [Topic=sportsgben,Partition=0,Replica=0] -> OnlineReplica, [Topic=__consumer_offsets,Partition=34,Replica=0] -> OnlineReplica, [Topic=__consumer_offsets,Partition=25,Replica=0] -> OnlineReplica, [Topic=__consumer_offsets,Partition=24,Replica=0] -> OnlineReplica, [Topic=generalrs,Partition=0,Replica=0] -> OnlineReplica, [Topic=entertainmentve,Partition=0,Replica=0] -> OnlineReplica, [Topic=technologygben,Partition=0,Replica=0] -> OnlineReplica, [Topic=healthae,Partition=0,Replica=0] -> OnlineReplica, [Topic=__consumer_offsets,Partition=11,Replica=0] -> OnlineReplica, [Topic=__consumer_offsets,Partition=12,Replica=0] -> OnlineReplica, [Topic=sportsae,Partition=0,Replica=0] -> OnlineReplica, [Topic=__consumer_offsets,Partition=30,Replica=0] -> OnlineReplica, [Topic=entertainmentse,Partition=0,Replica=0] -> OnlineReplica, [Topic=__consumer_offsets,Partition=19,Replica=0] -> OnlineReplica, [Topic=__consumer_offsets,Partition=17,Replica=0] -> OnlineReplica, [Topic=__consumer_offsets,Partition=41,Replica=0] -> OnlineReplica, [Topic=__consumer_offsets,Partition=48,Replica=0] -> OnlineReplica, [Topic=__consumer_offsets,Partition=29,Replica=0] -> OnlineReplica, [Topic=entertainmentae,Partition=0,Replica=0] -> OnlineReplica, [Topic=generalua,Partition=0,Replica=0] -> OnlineReplica, [Topic=healthgben,Partition=0,Replica=0] -> OnlineReplica, [Topic=__consumer_offsets,Partition=46,Replica=0] -> OnlineReplica, [Topic=__consumer_offsets,Partition=1,Replica=0] -> OnlineReplica, [Topic=generalve,Partition=0,Replica=0] -> OnlineReplica, [Topic=__consumer_offsets,Partition=16,Replica=0] -> OnlineReplica, [Topic=__consumer_offsets,Partition=5,Replica=0] -> OnlineReplica, [Topic=businessve,Partition=0,Replica=0] -> OnlineReplica, [Topic=scienceve,Partition=0,Replica=0] -> OnlineReplica, [Topic=businessrs,Partition=0,Replica=0] -> OnlineReplica, [Topic=__consumer_offsets,Partition=4,Replica=0] -> OnlineReplica, [Topic=generalgben,Partition=0,Replica=0] -> OnlineReplica, [Topic=__consumer_offsets,Partition=6,Replica=0] -> OnlineReplica, [Topic=__consumer_offsets,Partition=7,Replica=0] -> OnlineReplica, [Topic=__consumer_offsets,Partition=43,Replica=0] -> OnlineReplica, [Topic=__consumer_offsets,Partition=0,Replica=0] -> OnlineReplica, [Topic=entertainmentua,Partition=0,Replica=0] -> OnlineReplica, [Topic=__consumer_offsets,Partition=20,Replica=0] -> OnlineReplica, [Topic=technologyse,Partition=0,Replica=0] -> OnlineReplica, [Topic=generalae,Partition=0,Replica=0] -> OnlineReplica, [Topic=__consumer_offsets,Partition=22,Replica=0] -> OnlineReplica, [Topic=healthve,Partition=0,Replica=0] -> OnlineReplica, [Topic=healthrs,Partition=0,Replica=0] -> OnlineReplica, [Topic=__consumer_offsets,Partition=21,Replica=0] -> OnlineReplica, [Topic=healthua,Partition=0,Replica=0] -> OnlineReplica, [Topic=technologygb,Partition=0,Replica=0] -> OnlineReplica) (kafka.controller.ZkReplicaStateMachine)
[2021-04-07 23:36:32,712] INFO [PartitionStateMachine controllerId=0] Initializing partition state (kafka.controller.ZkPartitionStateMachine)
[2021-04-07 23:36:32,715] INFO [PartitionStateMachine controllerId=0] Triggering online partition state changes (kafka.controller.ZkPartitionStateMachine)
[2021-04-07 23:36:32,720] DEBUG [PartitionStateMachine controllerId=0] Started partition state machine with initial state -> HashMap(__consumer_offsets-13 -> OnlinePartition, scienceve-0 -> OnlinePartition, __consumer_offsets-46 -> OnlinePartition, technologyse-0 -> OnlinePartition, entertainmentgbru-0 -> OnlinePartition, sportsrs-0 -> OnlinePartition, entertainmentae-0 -> OnlinePartition, generalgben-0 -> OnlinePartition, __consumer_offsets-21 -> OnlinePartition, sportsgben-0 -> OnlinePartition, __consumer_offsets-30 -> OnlinePartition, technologyrs-0 -> OnlinePartition, sportsse-0 -> OnlinePartition, __consumer_offsets-5 -> OnlinePartition, __consumer_offsets-38 -> OnlinePartition, sportsch-0 -> OnlinePartition, __consumer_offsets-45 -> OnlinePartition, __consumer_offsets-12 -> OnlinePartition, __consumer_offsets-20 -> OnlinePartition, generalua-0 -> OnlinePartition, healthve-0 -> OnlinePartition, __consumer_offsets-29 -> OnlinePartition, __consumer_offsets-37 -> OnlinePartition, __consumer_offsets-4 -> OnlinePartition, __consumer_offsets-15 -> OnlinePartition, sciencegben-0 -> OnlinePartition, __consumer_offsets-48 -> OnlinePartition, generalve-0 -> OnlinePartition, technologyua-0 -> OnlinePartition, businessve-0 -> OnlinePartition, __consumer_offsets-23 -> OnlinePartition, __consumer_offsets-32 -> OnlinePartition, healthua-0 -> OnlinePartition, __consumer_offsets-7 -> OnlinePartition, __consumer_offsets-40 -> OnlinePartition, technologygbru-0 -> OnlinePartition, __consumer_offsets-47 -> OnlinePartition, sportsae-0 -> OnlinePartition, __consumer_offsets-14 -> OnlinePartition, technologyve-0 -> OnlinePartition, scienceua-0 -> OnlinePartition, __consumer_offsets-22 -> OnlinePartition, technologyen-0 -> OnlinePartition, __consumer_offsets-31 -> OnlinePartition, __consumer_offsets-39 -> OnlinePartition, __consumer_offsets-6 -> OnlinePartition, businessua-0 -> OnlinePartition, __consumer_offsets-9 -> OnlinePartition, __consumer_offsets-42 -> OnlinePartition, __consumer_offsets-17 -> OnlinePartition, healthse-0 -> OnlinePartition, entertainmentve-0 -> OnlinePartition, __consumer_offsets-26 -> OnlinePartition, entertainmenten-0 -> OnlinePartition, __consumer_offsets-1 -> OnlinePartition, __consumer_offsets-34 -> OnlinePartition, scienceae-0 -> OnlinePartition, businessse-0 -> OnlinePartition, __consumer_offsets-16 -> OnlinePartition, sciencese-0 -> OnlinePartition, healthrs-0 -> OnlinePartition, __consumer_offsets-41 -> OnlinePartition, __consumer_offsets-24 -> OnlinePartition, businessgben-0 -> OnlinePartition, __consumer_offsets-49 -> OnlinePartition, entertainmentgben-0 -> OnlinePartition, sciencers-0 -> OnlinePartition, __consumer_offsets-0 -> OnlinePartition, businessrs-0 -> OnlinePartition, technologygb-0 -> OnlinePartition, __consumer_offsets-25 -> OnlinePartition, __consumer_offsets-8 -> OnlinePartition, healthae-0 -> OnlinePartition, __consumer_offsets-33 -> OnlinePartition, entertainmentua-0 -> OnlinePartition, __consumer_offsets-11 -> OnlinePartition, __consumer_offsets-44 -> OnlinePartition, healthgben-0 -> OnlinePartition, sportsua-0 -> OnlinePartition, __consumer_offsets-19 -> OnlinePartition, __consumer_offsets-28 -> OnlinePartition, businessae-0 -> OnlinePartition, generalae-0 -> OnlinePartition, __consumer_offsets-3 -> OnlinePartition, __consumer_offsets-36 -> OnlinePartition, entertainmentrs-0 -> OnlinePartition, generalse-0 -> OnlinePartition, __consumer_offsets-43 -> OnlinePartition, technologygben-0 -> OnlinePartition, __consumer_offsets-10 -> OnlinePartition, sportsve-0 -> OnlinePartition, technologyae-0 -> OnlinePartition, __consumer_offsets-18 -> OnlinePartition, entertainmentse-0 -> OnlinePartition, generalrs-0 -> OnlinePartition, __consumer_offsets-27 -> OnlinePartition, __consumer_offsets-35 -> OnlinePartition, __consumer_offsets-2 -> OnlinePartition) (kafka.controller.ZkPartitionStateMachine)
[2021-04-07 23:36:32,720] INFO [Controller id=0] Ready to serve as the new controller with epoch 3 (kafka.controller.KafkaController)
[2021-04-07 23:36:32,723] INFO [Controller id=0] Partitions undergoing preferred replica election:  (kafka.controller.KafkaController)
[2021-04-07 23:36:32,723] INFO [Controller id=0] Partitions that completed preferred replica election:  (kafka.controller.KafkaController)
[2021-04-07 23:36:32,724] INFO [Controller id=0] Skipping preferred replica election for partitions due to topic deletion:  (kafka.controller.KafkaController)
[2021-04-07 23:36:32,724] INFO [Controller id=0] Resuming preferred replica election for partitions:  (kafka.controller.KafkaController)
[2021-04-07 23:36:32,724] INFO [Controller id=0] Starting replica leader election (PREFERRED) for partitions  triggered by ZkTriggered (kafka.controller.KafkaController)
[2021-04-07 23:36:32,733] INFO [Controller id=0] Starting the controller scheduler (kafka.controller.KafkaController)
[2021-04-07 23:36:37,749] INFO [Controller id=0] Processing automatic preferred replica leader election (kafka.controller.KafkaController)
[2021-04-07 23:36:37,749] TRACE [Controller id=0] Checking need to trigger auto leader balancing (kafka.controller.KafkaController)
[2021-04-07 23:36:37,752] DEBUG [Controller id=0] Topics not in preferred replica for broker 0 HashMap() (kafka.controller.KafkaController)
[2021-04-07 23:36:37,753] TRACE [Controller id=0] Leader imbalance ratio for broker 0 is 0.0 (kafka.controller.KafkaController)
[2021-04-07 23:41:37,762] INFO [Controller id=0] Processing automatic preferred replica leader election (kafka.controller.KafkaController)
[2021-04-07 23:41:37,762] TRACE [Controller id=0] Checking need to trigger auto leader balancing (kafka.controller.KafkaController)
[2021-04-07 23:41:37,765] DEBUG [Controller id=0] Topics not in preferred replica for broker 0 HashMap() (kafka.controller.KafkaController)
[2021-04-07 23:41:37,765] TRACE [Controller id=0] Leader imbalance ratio for broker 0 is 0.0 (kafka.controller.KafkaController)
[2021-04-07 23:45:54,423] INFO [Controller id=0] New topics: [HashSet(sportsng)], deleted topics: [HashSet()], new partition replica assignment [Map(sportsng-0 -> ReplicaAssignment(replicas=0, addingReplicas=, removingReplicas=))] (kafka.controller.KafkaController)
[2021-04-07 23:45:54,423] INFO [Controller id=0] New partition creation callback for sportsng-0 (kafka.controller.KafkaController)
[2021-04-07 23:45:54,956] INFO [Controller id=0] New topics: [HashSet(healthng)], deleted topics: [HashSet()], new partition replica assignment [Map(healthng-0 -> ReplicaAssignment(replicas=0, addingReplicas=, removingReplicas=))] (kafka.controller.KafkaController)
[2021-04-07 23:45:54,956] INFO [Controller id=0] New partition creation callback for healthng-0 (kafka.controller.KafkaController)
[2021-04-07 23:45:55,492] INFO [Controller id=0] New topics: [HashSet(businessng)], deleted topics: [HashSet()], new partition replica assignment [Map(businessng-0 -> ReplicaAssignment(replicas=0, addingReplicas=, removingReplicas=))] (kafka.controller.KafkaController)
[2021-04-07 23:45:55,492] INFO [Controller id=0] New partition creation callback for businessng-0 (kafka.controller.KafkaController)
[2021-04-07 23:45:57,008] INFO [Controller id=0] New topics: [HashSet(technologyng)], deleted topics: [HashSet()], new partition replica assignment [Map(technologyng-0 -> ReplicaAssignment(replicas=0, addingReplicas=, removingReplicas=))] (kafka.controller.KafkaController)
[2021-04-07 23:45:57,009] INFO [Controller id=0] New partition creation callback for technologyng-0 (kafka.controller.KafkaController)
[2021-04-07 23:46:33,160] INFO [Controller id=0] New topics: [HashSet(entertainmentar)], deleted topics: [HashSet()], new partition replica assignment [Map(entertainmentar-0 -> ReplicaAssignment(replicas=0, addingReplicas=, removingReplicas=))] (kafka.controller.KafkaController)
[2021-04-07 23:46:33,160] INFO [Controller id=0] New partition creation callback for entertainmentar-0 (kafka.controller.KafkaController)
[2021-04-07 23:46:33,691] INFO [Controller id=0] New topics: [HashSet(sciencear)], deleted topics: [HashSet()], new partition replica assignment [Map(sciencear-0 -> ReplicaAssignment(replicas=0, addingReplicas=, removingReplicas=))] (kafka.controller.KafkaController)
[2021-04-07 23:46:33,691] INFO [Controller id=0] New partition creation callback for sciencear-0 (kafka.controller.KafkaController)
[2021-04-07 23:46:34,208] INFO [Controller id=0] New topics: [HashSet(technologyar)], deleted topics: [HashSet()], new partition replica assignment [Map(technologyar-0 -> ReplicaAssignment(replicas=0, addingReplicas=, removingReplicas=))] (kafka.controller.KafkaController)
[2021-04-07 23:46:34,208] INFO [Controller id=0] New partition creation callback for technologyar-0 (kafka.controller.KafkaController)
[2021-04-07 23:46:37,770] INFO [Controller id=0] Processing automatic preferred replica leader election (kafka.controller.KafkaController)
[2021-04-07 23:46:37,770] TRACE [Controller id=0] Checking need to trigger auto leader balancing (kafka.controller.KafkaController)
[2021-04-07 23:46:37,772] DEBUG [Controller id=0] Topics not in preferred replica for broker 0 HashMap() (kafka.controller.KafkaController)
[2021-04-07 23:46:37,772] TRACE [Controller id=0] Leader imbalance ratio for broker 0 is 0.0 (kafka.controller.KafkaController)
[2021-04-07 23:51:37,778] INFO [Controller id=0] Processing automatic preferred replica leader election (kafka.controller.KafkaController)
[2021-04-07 23:51:37,778] TRACE [Controller id=0] Checking need to trigger auto leader balancing (kafka.controller.KafkaController)
[2021-04-07 23:51:37,780] DEBUG [Controller id=0] Topics not in preferred replica for broker 0 HashMap() (kafka.controller.KafkaController)
[2021-04-07 23:51:37,780] TRACE [Controller id=0] Leader imbalance ratio for broker 0 is 0.0 (kafka.controller.KafkaController)
[2021-04-07 23:55:12,401] INFO [Controller id=0] New topics: [HashSet(generalie)], deleted topics: [HashSet()], new partition replica assignment [Map(generalie-0 -> ReplicaAssignment(replicas=0, addingReplicas=, removingReplicas=))] (kafka.controller.KafkaController)
[2021-04-07 23:55:12,401] INFO [Controller id=0] New partition creation callback for generalie-0 (kafka.controller.KafkaController)
[2021-04-07 23:55:19,005] INFO [Controller id=0] New topics: [HashSet(technologyie)], deleted topics: [HashSet()], new partition replica assignment [Map(technologyie-0 -> ReplicaAssignment(replicas=0, addingReplicas=, removingReplicas=))] (kafka.controller.KafkaController)
[2021-04-07 23:55:19,005] INFO [Controller id=0] New partition creation callback for technologyie-0 (kafka.controller.KafkaController)
[2021-04-07 23:56:37,782] INFO [Controller id=0] Processing automatic preferred replica leader election (kafka.controller.KafkaController)
[2021-04-07 23:56:37,782] TRACE [Controller id=0] Checking need to trigger auto leader balancing (kafka.controller.KafkaController)
[2021-04-07 23:56:37,784] DEBUG [Controller id=0] Topics not in preferred replica for broker 0 HashMap() (kafka.controller.KafkaController)
[2021-04-07 23:56:37,784] TRACE [Controller id=0] Leader imbalance ratio for broker 0 is 0.0 (kafka.controller.KafkaController)
