[2021-04-06 19:54:28,802] INFO Starting the log cleaner (kafka.log.LogCleaner)
[2021-04-06 19:54:28,848] INFO [kafka-log-cleaner-thread-0]: Starting (kafka.log.LogCleaner)
[2021-04-06 19:54:28,859] INFO Cleaner 0: Beginning cleaning of log __consumer_offsets-13. (kafka.log.LogCleaner)
[2021-04-06 19:54:28,859] INFO Cleaner 0: Building offset map for __consumer_offsets-13... (kafka.log.LogCleaner)
[2021-04-06 19:54:28,877] INFO Cleaner 0: Building offset map for log __consumer_offsets-13 for 1 segments in offset range [0, 8768). (kafka.log.LogCleaner)
[2021-04-06 19:54:28,926] INFO Cleaner 0: Offset map for log __consumer_offsets-13 complete. (kafka.log.LogCleaner)
[2021-04-06 19:54:28,928] INFO Cleaner 0: Cleaning log __consumer_offsets-13 (cleaning prior to Tue Apr 06 19:48:19 EEST 2021, discarding tombstones prior to Thu Jan 01 02:00:00 EET 1970)... (kafka.log.LogCleaner)
[2021-04-06 19:54:28,931] INFO Cleaner 0: Cleaning LogSegment(baseOffset=0, size=1213292, lastModifiedTime=1617727699465, largestRecordTimestamp=Some(1617727699465)) in log __consumer_offsets-13 into 0 with deletion horizon 0, retaining deletes. (kafka.log.LogCleaner)
[2021-04-06 19:54:28,968] INFO Cleaner 0: Swapping in cleaned segment LogSegment(baseOffset=0, size=1173, lastModifiedTime=1617727699465, largestRecordTimestamp=Some(1617727699465)) for segment(s) List(LogSegment(baseOffset=0, size=1213292, lastModifiedTime=1617727699465, largestRecordTimestamp=Some(1617727699465))) in log Log(dir=C:\tmp\kafka-logs\__consumer_offsets-13, topic=__consumer_offsets, partition=13, highWatermark=0, lastStableOffset=0, logStartOffset=0, logEndOffset=8771) (kafka.log.LogCleaner)
[2021-04-06 19:54:28,985] INFO Cleaner 0: Beginning cleaning of log __consumer_offsets-13. (kafka.log.LogCleaner)
[2021-04-06 19:54:28,985] INFO Cleaner 0: Building offset map for __consumer_offsets-13... (kafka.log.LogCleaner)
[2021-04-06 19:54:29,006] INFO Cleaner 0: Building offset map for log __consumer_offsets-13 for 1 segments in offset range [0, 8768). (kafka.log.LogCleaner)
[2021-04-06 19:54:29,017] INFO Cleaner 0: Offset map for log __consumer_offsets-13 complete. (kafka.log.LogCleaner)
[2021-04-06 19:54:29,017] INFO Cleaner 0: Cleaning log __consumer_offsets-13 (cleaning prior to Tue Apr 06 19:48:19 EEST 2021, discarding tombstones prior to Thu Jan 01 02:00:00 EET 1970)... (kafka.log.LogCleaner)
[2021-04-06 19:54:29,025] INFO Cleaner 0: Beginning cleaning of log __consumer_offsets-13. (kafka.log.LogCleaner)
[2021-04-06 19:54:29,025] INFO Cleaner 0: Building offset map for __consumer_offsets-13... (kafka.log.LogCleaner)
[2021-04-06 19:54:29,039] INFO Cleaner 0: Building offset map for log __consumer_offsets-13 for 1 segments in offset range [0, 8768). (kafka.log.LogCleaner)
[2021-04-06 19:54:29,048] INFO Cleaner 0: Offset map for log __consumer_offsets-13 complete. (kafka.log.LogCleaner)
[2021-04-06 19:54:29,048] INFO Cleaner 0: Cleaning log __consumer_offsets-13 (cleaning prior to Tue Apr 06 19:48:19 EEST 2021, discarding tombstones prior to Thu Jan 01 02:00:00 EET 1970)... (kafka.log.LogCleaner)
[2021-04-06 19:54:29,056] INFO Cleaner 0: Beginning cleaning of log __consumer_offsets-13. (kafka.log.LogCleaner)
[2021-04-06 19:54:29,056] INFO Cleaner 0: Building offset map for __consumer_offsets-13... (kafka.log.LogCleaner)
[2021-04-06 19:54:29,068] INFO Cleaner 0: Building offset map for log __consumer_offsets-13 for 1 segments in offset range [0, 8768). (kafka.log.LogCleaner)
[2021-04-06 19:54:29,075] INFO Cleaner 0: Offset map for log __consumer_offsets-13 complete. (kafka.log.LogCleaner)
[2021-04-06 19:54:29,075] INFO Cleaner 0: Cleaning log __consumer_offsets-13 (cleaning prior to Tue Apr 06 19:48:19 EEST 2021, discarding tombstones prior to Thu Jan 01 02:00:00 EET 1970)... (kafka.log.LogCleaner)
[2021-04-06 19:54:29,083] INFO Cleaner 0: Beginning cleaning of log __consumer_offsets-13. (kafka.log.LogCleaner)
[2021-04-06 19:54:29,083] INFO Cleaner 0: Building offset map for __consumer_offsets-13... (kafka.log.LogCleaner)
[2021-04-06 19:54:29,096] INFO Cleaner 0: Building offset map for log __consumer_offsets-13 for 1 segments in offset range [0, 8768). (kafka.log.LogCleaner)
[2021-04-06 19:54:29,101] INFO Cleaner 0: Offset map for log __consumer_offsets-13 complete. (kafka.log.LogCleaner)
[2021-04-06 19:54:29,101] INFO Cleaner 0: Cleaning log __consumer_offsets-13 (cleaning prior to Tue Apr 06 19:48:19 EEST 2021, discarding tombstones prior to Thu Jan 01 02:00:00 EET 1970)... (kafka.log.LogCleaner)
[2021-04-06 19:54:29,109] INFO Cleaner 0: Beginning cleaning of log __consumer_offsets-13. (kafka.log.LogCleaner)
[2021-04-06 19:54:29,109] INFO Cleaner 0: Building offset map for __consumer_offsets-13... (kafka.log.LogCleaner)
[2021-04-06 19:54:29,121] INFO Cleaner 0: Building offset map for log __consumer_offsets-13 for 1 segments in offset range [0, 8768). (kafka.log.LogCleaner)
[2021-04-06 19:54:29,130] INFO Cleaner 0: Offset map for log __consumer_offsets-13 complete. (kafka.log.LogCleaner)
[2021-04-06 19:54:29,130] INFO Cleaner 0: Cleaning log __consumer_offsets-13 (cleaning prior to Tue Apr 06 19:48:19 EEST 2021, discarding tombstones prior to Thu Jan 01 02:00:00 EET 1970)... (kafka.log.LogCleaner)
[2021-04-06 19:54:29,138] INFO Cleaner 0: Beginning cleaning of log __consumer_offsets-13. (kafka.log.LogCleaner)
[2021-04-06 19:54:29,138] INFO Cleaner 0: Building offset map for __consumer_offsets-13... (kafka.log.LogCleaner)
[2021-04-06 19:54:29,152] INFO Cleaner 0: Building offset map for log __consumer_offsets-13 for 1 segments in offset range [0, 8768). (kafka.log.LogCleaner)
[2021-04-06 19:58:50,901] INFO Starting the log cleaner (kafka.log.LogCleaner)
[2021-04-06 19:58:50,947] INFO [kafka-log-cleaner-thread-0]: Starting (kafka.log.LogCleaner)
[2021-04-07 21:49:25,729] INFO Starting the log cleaner (kafka.log.LogCleaner)
[2021-04-07 21:49:25,778] INFO [kafka-log-cleaner-thread-0]: Starting (kafka.log.LogCleaner)
[2021-04-07 22:19:17,246] INFO Starting the log cleaner (kafka.log.LogCleaner)
[2021-04-07 22:19:17,286] INFO [kafka-log-cleaner-thread-0]: Starting (kafka.log.LogCleaner)
[2021-04-07 22:19:18,449] INFO Shutting down the log cleaner. (kafka.log.LogCleaner)
[2021-04-07 22:19:18,449] INFO [kafka-log-cleaner-thread-0]: Shutting down (kafka.log.LogCleaner)
[2021-04-07 22:19:18,450] INFO [kafka-log-cleaner-thread-0]: Stopped (kafka.log.LogCleaner)
[2021-04-07 22:19:18,450] INFO [kafka-log-cleaner-thread-0]: Shutdown completed (kafka.log.LogCleaner)
[2021-04-07 22:19:28,284] INFO Starting the log cleaner (kafka.log.LogCleaner)
[2021-04-07 22:19:28,325] INFO [kafka-log-cleaner-thread-0]: Starting (kafka.log.LogCleaner)
[2021-04-07 22:19:29,406] INFO Shutting down the log cleaner. (kafka.log.LogCleaner)
[2021-04-07 22:19:29,406] INFO [kafka-log-cleaner-thread-0]: Shutting down (kafka.log.LogCleaner)
[2021-04-07 22:19:29,407] INFO [kafka-log-cleaner-thread-0]: Stopped (kafka.log.LogCleaner)
[2021-04-07 22:19:29,407] INFO [kafka-log-cleaner-thread-0]: Shutdown completed (kafka.log.LogCleaner)
[2021-04-07 22:19:37,519] INFO Starting the log cleaner (kafka.log.LogCleaner)
[2021-04-07 22:19:37,559] INFO [kafka-log-cleaner-thread-0]: Starting (kafka.log.LogCleaner)
[2021-04-07 23:36:13,006] INFO Starting the log cleaner (kafka.log.LogCleaner)
[2021-04-07 23:36:13,047] INFO [kafka-log-cleaner-thread-0]: Starting (kafka.log.LogCleaner)
[2021-04-07 23:36:14,197] INFO Shutting down the log cleaner. (kafka.log.LogCleaner)
[2021-04-07 23:36:14,198] INFO [kafka-log-cleaner-thread-0]: Shutting down (kafka.log.LogCleaner)
[2021-04-07 23:36:14,198] INFO [kafka-log-cleaner-thread-0]: Stopped (kafka.log.LogCleaner)
[2021-04-07 23:36:14,198] INFO [kafka-log-cleaner-thread-0]: Shutdown completed (kafka.log.LogCleaner)
[2021-04-07 23:36:21,018] INFO Starting the log cleaner (kafka.log.LogCleaner)
[2021-04-07 23:36:21,059] INFO [kafka-log-cleaner-thread-0]: Starting (kafka.log.LogCleaner)
[2021-04-07 23:36:22,140] INFO Shutting down the log cleaner. (kafka.log.LogCleaner)
[2021-04-07 23:36:22,141] INFO [kafka-log-cleaner-thread-0]: Shutting down (kafka.log.LogCleaner)
[2021-04-07 23:36:22,141] INFO [kafka-log-cleaner-thread-0]: Stopped (kafka.log.LogCleaner)
[2021-04-07 23:36:22,141] INFO [kafka-log-cleaner-thread-0]: Shutdown completed (kafka.log.LogCleaner)
[2021-04-07 23:36:32,194] INFO Starting the log cleaner (kafka.log.LogCleaner)
[2021-04-07 23:36:32,234] INFO [kafka-log-cleaner-thread-0]: Starting (kafka.log.LogCleaner)
[2021-04-08 00:00:18,061] ERROR Failed to access checkpoint file cleaner-offset-checkpoint in dir C:\Apache\kafka-logs (kafka.log.LogCleaner)
org.apache.kafka.common.errors.KafkaStorageException: Error while reading checkpoint file C:\Apache\kafka-logs\cleaner-offset-checkpoint
Caused by: java.nio.file.NoSuchFileException: C:\Apache\kafka-logs\cleaner-offset-checkpoint
	at java.base/sun.nio.fs.WindowsException.translateToIOException(WindowsException.java:85)
	at java.base/sun.nio.fs.WindowsException.rethrowAsIOException(WindowsException.java:103)
	at java.base/sun.nio.fs.WindowsException.rethrowAsIOException(WindowsException.java:108)
	at java.base/sun.nio.fs.WindowsFileSystemProvider.newByteChannel(WindowsFileSystemProvider.java:235)
	at java.base/java.nio.file.Files.newByteChannel(Files.java:375)
	at java.base/java.nio.file.Files.newByteChannel(Files.java:426)
	at java.base/java.nio.file.spi.FileSystemProvider.newInputStream(FileSystemProvider.java:420)
	at java.base/java.nio.file.Files.newInputStream(Files.java:160)
	at java.base/java.nio.file.Files.newBufferedReader(Files.java:2916)
	at java.base/java.nio.file.Files.newBufferedReader(Files.java:2948)
	at kafka.server.checkpoints.CheckpointFile.liftedTree2$1(CheckpointFile.scala:127)
	at kafka.server.checkpoints.CheckpointFile.read(CheckpointFile.scala:126)
	at kafka.server.checkpoints.OffsetCheckpointFile.read(OffsetCheckpointFile.scala:69)
	at kafka.log.LogCleanerManager.$anonfun$allCleanerCheckpoints$2(LogCleanerManager.scala:134)
	at scala.collection.Iterator$$anon$10.nextCur(Iterator.scala:585)
	at scala.collection.Iterator$$anon$10.hasNext(Iterator.scala:599)
	at scala.collection.immutable.List.prependedAll(List.scala:152)
	at scala.collection.immutable.List$.from(List.scala:651)
	at scala.collection.immutable.List$.from(List.scala:648)
	at scala.collection.IterableFactory$Delegate.from(Factory.scala:288)
	at scala.collection.immutable.Iterable$.from(Iterable.scala:35)
	at scala.collection.immutable.Iterable$.from(Iterable.scala:32)
	at scala.collection.IterableFactory$Delegate.from(Factory.scala:288)
	at scala.collection.IterableOps.flatMap(Iterable.scala:673)
	at scala.collection.IterableOps.flatMap$(Iterable.scala:673)
	at scala.collection.AbstractIterable.flatMap(Iterable.scala:920)
	at kafka.log.LogCleanerManager.$anonfun$allCleanerCheckpoints$1(LogCleanerManager.scala:132)
	at kafka.log.LogCleanerManager.allCleanerCheckpoints(LogCleanerManager.scala:140)
	at kafka.log.LogCleanerManager.$anonfun$grabFilthiestCompactedLog$1(LogCleanerManager.scala:171)
	at kafka.log.LogCleanerManager.grabFilthiestCompactedLog(LogCleanerManager.scala:168)
	at kafka.log.LogCleaner$CleanerThread.cleanFilthiestLog(LogCleaner.scala:346)
	at kafka.log.LogCleaner$CleanerThread.tryCleanFilthiestLog(LogCleaner.scala:333)
	at kafka.log.LogCleaner$CleanerThread.doWork(LogCleaner.scala:322)
	at kafka.utils.ShutdownableThread.run(ShutdownableThread.scala:96)
